INFO - 2024-01-31 16:41:13 --> Session: Class initialized using 'CodeIgniter\Session\Handlers\FileHandler' driver.
WARNING - 2024-01-31 16:41:13 --> [DEPRECATED] Required parameter $valor2 follows optional parameter $valor1 in APPPATH\Helpers\usuarios_helper.php on line 2.
 1 SYSTEMPATH\Common.php(667): include_once()
 2 APPPATH\Controllers\BaseController.php(57): helper([...])
 3 SYSTEMPATH\CodeIgniter.php(915): App\Controllers\BaseController->initController(Object(CodeIgniter\HTTP\IncomingRequest), Object(CodeIgniter\HTTP\Response), Object(CodeIgniter\Log\Logger))
 4 SYSTEMPATH\CodeIgniter.php(493): CodeIgniter\CodeIgniter->createController()
 5 SYSTEMPATH\CodeIgniter.php(361): CodeIgniter\CodeIgniter->handleRequest(null, Object(Config\Cache), false)
 6 FCPATH\index.php(79): CodeIgniter\CodeIgniter->run()
WARNING - 2024-01-31 17:09:48 --> [DEPRECATED] Required parameter $valor2 follows optional parameter $valor1 in APPPATH\Helpers\usuarios_helper.php on line 2.
 1 SYSTEMPATH\Common.php(667): include_once()
 2 APPPATH\Controllers\BaseController.php(57): helper([...])
 3 SYSTEMPATH\CodeIgniter.php(915): App\Controllers\BaseController->initController(Object(CodeIgniter\HTTP\IncomingRequest), Object(CodeIgniter\HTTP\Response), Object(CodeIgniter\Log\Logger))
 4 SYSTEMPATH\CodeIgniter.php(493): CodeIgniter\CodeIgniter->createController()
 5 SYSTEMPATH\CodeIgniter.php(361): CodeIgniter\CodeIgniter->handleRequest(null, Object(Config\Cache), false)
 6 FCPATH\index.php(79): CodeIgniter\CodeIgniter->run()
CRITICAL - 2024-01-31 17:45:45 --> syntax error, unexpected token "}"
in APPPATH\Controllers\Validacion.php on line 41.
 1 SYSTEMPATH\Autoloader\Autoloader.php(291): CodeIgniter\Autoloader\Autoloader->includeFile('C:\\xampp\\htdocs\\codeigniter\\app\\Controllers\\Validacion.php')
 2 SYSTEMPATH\Autoloader\Autoloader.php(269): CodeIgniter\Autoloader\Autoloader->loadInNamespace('App\\Controllers\\Validacion')
 3 [internal function]: CodeIgniter\Autoloader\Autoloader->loadClass('App\\Controllers\\Validacion')
 4 SYSTEMPATH\CodeIgniter.php(900): class_exists('\\App\\Controllers\\Validacion', true)
 5 SYSTEMPATH\CodeIgniter.php(489): CodeIgniter\CodeIgniter->startController()
 6 SYSTEMPATH\CodeIgniter.php(361): CodeIgniter\CodeIgniter->handleRequest(null, Object(Config\Cache), false)
 7 FCPATH\index.php(79): CodeIgniter\CodeIgniter->run()
WARNING - 2024-01-31 17:46:08 --> [DEPRECATED] Required parameter $valor2 follows optional parameter $valor1 in APPPATH\Helpers\usuarios_helper.php on line 2.
 1 SYSTEMPATH\Common.php(667): include_once()
 2 APPPATH\Controllers\BaseController.php(57): helper([...])
 3 SYSTEMPATH\CodeIgniter.php(915): App\Controllers\BaseController->initController(Object(CodeIgniter\HTTP\IncomingRequest), Object(CodeIgniter\HTTP\Response), Object(CodeIgniter\Log\Logger))
 4 SYSTEMPATH\CodeIgniter.php(493): CodeIgniter\CodeIgniter->createController()
 5 SYSTEMPATH\CodeIgniter.php(361): CodeIgniter\CodeIgniter->handleRequest(null, Object(Config\Cache), false)
 6 FCPATH\index.php(79): CodeIgniter\CodeIgniter->run()
INFO - 2024-01-31 17:46:09 --> Session: Class initialized using 'CodeIgniter\Session\Handlers\FileHandler' driver.
WARNING - 2024-01-31 17:46:18 --> [DEPRECATED] Required parameter $valor2 follows optional parameter $valor1 in APPPATH\Helpers\usuarios_helper.php on line 2.
 1 SYSTEMPATH\Common.php(667): include_once()
 2 APPPATH\Controllers\BaseController.php(57): helper([...])
 3 SYSTEMPATH\CodeIgniter.php(915): App\Controllers\BaseController->initController(Object(CodeIgniter\HTTP\IncomingRequest), Object(CodeIgniter\HTTP\Response), Object(CodeIgniter\Log\Logger))
 4 SYSTEMPATH\CodeIgniter.php(493): CodeIgniter\CodeIgniter->createController()
 5 SYSTEMPATH\CodeIgniter.php(361): CodeIgniter\CodeIgniter->handleRequest(null, Object(Config\Cache), false)
 6 FCPATH\index.php(79): CodeIgniter\CodeIgniter->run()
INFO - 2024-01-31 17:46:18 --> Session: Class initialized using 'CodeIgniter\Session\Handlers\FileHandler' driver.
WARNING - 2024-01-31 18:08:10 --> [DEPRECATED] Required parameter $valor2 follows optional parameter $valor1 in APPPATH\Helpers\usuarios_helper.php on line 2.
 1 SYSTEMPATH\Common.php(667): include_once()
 2 APPPATH\Controllers\BaseController.php(57): helper([...])
 3 SYSTEMPATH\CodeIgniter.php(915): App\Controllers\BaseController->initController(Object(CodeIgniter\HTTP\IncomingRequest), Object(CodeIgniter\HTTP\Response), Object(CodeIgniter\Log\Logger))
 4 SYSTEMPATH\CodeIgniter.php(493): CodeIgniter\CodeIgniter->createController()
 5 SYSTEMPATH\CodeIgniter.php(361): CodeIgniter\CodeIgniter->handleRequest(null, Object(Config\Cache), false)
 6 FCPATH\index.php(79): CodeIgniter\CodeIgniter->run()
INFO - 2024-01-31 18:08:10 --> Session: Class initialized using 'CodeIgniter\Session\Handlers\FileHandler' driver.
CRITICAL - 2024-01-31 18:08:10 --> Call to undefined function App\Controllers\set_cookie()
in APPPATH\Controllers\Validacion.php on line 43.
 1 SYSTEMPATH\CodeIgniter.php(942): App\Controllers\Validacion->valida()
 2 SYSTEMPATH\CodeIgniter.php(502): CodeIgniter\CodeIgniter->runController(Object(App\Controllers\Validacion))
 3 SYSTEMPATH\CodeIgniter.php(361): CodeIgniter\CodeIgniter->handleRequest(null, Object(Config\Cache), false)
 4 FCPATH\index.php(79): CodeIgniter\CodeIgniter->run()
WARNING - 2024-01-31 19:14:27 --> [DEPRECATED] Required parameter $valor2 follows optional parameter $valor1 in APPPATH\Helpers\usuarios_helper.php on line 2.
 1 SYSTEMPATH\Common.php(667): include_once()
 2 APPPATH\Controllers\BaseController.php(57): helper([...])
 3 SYSTEMPATH\CodeIgniter.php(915): App\Controllers\BaseController->initController(Object(CodeIgniter\HTTP\IncomingRequest), Object(CodeIgniter\HTTP\Response), Object(CodeIgniter\Log\Logger))
 4 SYSTEMPATH\CodeIgniter.php(493): CodeIgniter\CodeIgniter->createController()
 5 SYSTEMPATH\CodeIgniter.php(361): CodeIgniter\CodeIgniter->handleRequest(null, Object(Config\Cache), false)
 6 FCPATH\index.php(79): CodeIgniter\CodeIgniter->run()
INFO - 2024-01-31 19:14:27 --> Session: Class initialized using 'CodeIgniter\Session\Handlers\FileHandler' driver.
CRITICAL - 2024-01-31 19:14:27 --> Call to undefined function App\Controllers\set_cookie()
in APPPATH\Controllers\Validacion.php on line 44.
 1 SYSTEMPATH\CodeIgniter.php(942): App\Controllers\Validacion->valida()
 2 SYSTEMPATH\CodeIgniter.php(502): CodeIgniter\CodeIgniter->runController(Object(App\Controllers\Validacion))
 3 SYSTEMPATH\CodeIgniter.php(361): CodeIgniter\CodeIgniter->handleRequest(null, Object(Config\Cache), false)
 4 FCPATH\index.php(79): CodeIgniter\CodeIgniter->run()
WARNING - 2024-01-31 19:30:14 --> [DEPRECATED] Required parameter $valor2 follows optional parameter $valor1 in APPPATH\Helpers\usuarios_helper.php on line 2.
 1 SYSTEMPATH\Common.php(667): include_once()
 2 APPPATH\Controllers\BaseController.php(57): helper([...])
 3 SYSTEMPATH\CodeIgniter.php(915): App\Controllers\BaseController->initController(Object(CodeIgniter\HTTP\IncomingRequest), Object(CodeIgniter\HTTP\Response), Object(CodeIgniter\Log\Logger))
 4 SYSTEMPATH\CodeIgniter.php(493): CodeIgniter\CodeIgniter->createController()
 5 SYSTEMPATH\CodeIgniter.php(361): CodeIgniter\CodeIgniter->handleRequest(null, Object(Config\Cache), false)
 6 FCPATH\index.php(79): CodeIgniter\CodeIgniter->run()
INFO - 2024-01-31 19:30:14 --> Session: Class initialized using 'CodeIgniter\Session\Handlers\FileHandler' driver.
CRITICAL - 2024-01-31 19:30:14 --> Call to undefined function App\Controllers\set_cookie()
in APPPATH\Controllers\Validacion.php on line 44.
 1 SYSTEMPATH\CodeIgniter.php(942): App\Controllers\Validacion->valida()
 2 SYSTEMPATH\CodeIgniter.php(502): CodeIgniter\CodeIgniter->runController(Object(App\Controllers\Validacion))
 3 SYSTEMPATH\CodeIgniter.php(361): CodeIgniter\CodeIgniter->handleRequest(null, Object(Config\Cache), false)
 4 FCPATH\index.php(79): CodeIgniter\CodeIgniter->run()
WARNING - 2024-01-31 19:42:01 --> [DEPRECATED] Required parameter $valor2 follows optional parameter $valor1 in APPPATH\Helpers\usuarios_helper.php on line 2.
 1 SYSTEMPATH\Common.php(667): include_once()
 2 APPPATH\Controllers\BaseController.php(57): helper([...])
 3 SYSTEMPATH\CodeIgniter.php(915): App\Controllers\BaseController->initController(Object(CodeIgniter\HTTP\IncomingRequest), Object(CodeIgniter\HTTP\Response), Object(CodeIgniter\Log\Logger))
 4 SYSTEMPATH\CodeIgniter.php(493): CodeIgniter\CodeIgniter->createController()
 5 SYSTEMPATH\CodeIgniter.php(361): CodeIgniter\CodeIgniter->handleRequest(null, Object(Config\Cache), false)
 6 FCPATH\index.php(79): CodeIgniter\CodeIgniter->run()
INFO - 2024-01-31 19:42:01 --> Session: Class initialized using 'CodeIgniter\Session\Handlers\FileHandler' driver.
WARNING - 2024-01-31 19:42:21 --> [DEPRECATED] Required parameter $valor2 follows optional parameter $valor1 in APPPATH\Helpers\usuarios_helper.php on line 2.
 1 SYSTEMPATH\Common.php(667): include_once()
 2 APPPATH\Controllers\BaseController.php(57): helper([...])
 3 SYSTEMPATH\CodeIgniter.php(915): App\Controllers\BaseController->initController(Object(CodeIgniter\HTTP\IncomingRequest), Object(CodeIgniter\HTTP\Response), Object(CodeIgniter\Log\Logger))
 4 SYSTEMPATH\CodeIgniter.php(493): CodeIgniter\CodeIgniter->createController()
 5 SYSTEMPATH\CodeIgniter.php(361): CodeIgniter\CodeIgniter->handleRequest(null, Object(Config\Cache), false)
 6 FCPATH\index.php(79): CodeIgniter\CodeIgniter->run()
INFO - 2024-01-31 19:42:22 --> Session: Class initialized using 'CodeIgniter\Session\Handlers\FileHandler' driver.
CRITICAL - 2024-01-31 19:42:22 --> Call to undefined method App\Models\IngresoModel::updete
in SYSTEMPATH\Model.php on line 873.
 1 APPPATH\Controllers\Validacion.php(61): CodeIgniter\Model->__call('updete', [...])
 2 SYSTEMPATH\CodeIgniter.php(942): App\Controllers\Validacion->valida()
 3 SYSTEMPATH\CodeIgniter.php(502): CodeIgniter\CodeIgniter->runController(Object(App\Controllers\Validacion))
 4 SYSTEMPATH\CodeIgniter.php(361): CodeIgniter\CodeIgniter->handleRequest(null, Object(Config\Cache), false)
 5 FCPATH\index.php(79): CodeIgniter\CodeIgniter->run()
WARNING - 2024-01-31 19:43:00 --> [DEPRECATED] Required parameter $valor2 follows optional parameter $valor1 in APPPATH\Helpers\usuarios_helper.php on line 2.
 1 SYSTEMPATH\Common.php(667): include_once()
 2 APPPATH\Controllers\BaseController.php(57): helper([...])
 3 SYSTEMPATH\CodeIgniter.php(915): App\Controllers\BaseController->initController(Object(CodeIgniter\HTTP\IncomingRequest), Object(CodeIgniter\HTTP\Response), Object(CodeIgniter\Log\Logger))
 4 SYSTEMPATH\CodeIgniter.php(493): CodeIgniter\CodeIgniter->createController()
 5 SYSTEMPATH\CodeIgniter.php(361): CodeIgniter\CodeIgniter->handleRequest(null, Object(Config\Cache), false)
 6 FCPATH\index.php(79): CodeIgniter\CodeIgniter->run()
INFO - 2024-01-31 19:43:00 --> Session: Class initialized using 'CodeIgniter\Session\Handlers\FileHandler' driver.
INFO - 2024-01-31 19:43:00 --> Session: Class initialized using 'CodeIgniter\Session\Handlers\FileHandler' driver.
WARNING - 2024-01-31 19:43:00 --> [DEPRECATED] Required parameter $valor2 follows optional parameter $valor1 in APPPATH\Helpers\usuarios_helper.php on line 2.
 1 SYSTEMPATH\Common.php(667): include_once()
 2 APPPATH\Controllers\BaseController.php(57): helper([...])
 3 SYSTEMPATH\CodeIgniter.php(915): App\Controllers\BaseController->initController(Object(CodeIgniter\HTTP\IncomingRequest), Object(CodeIgniter\HTTP\Response), Object(CodeIgniter\Log\Logger))
 4 SYSTEMPATH\CodeIgniter.php(493): CodeIgniter\CodeIgniter->createController()
 5 SYSTEMPATH\CodeIgniter.php(361): CodeIgniter\CodeIgniter->handleRequest(null, Object(Config\Cache), false)
 6 FCPATH\index.php(79): CodeIgniter\CodeIgniter->run()
INFO - 2024-01-31 19:59:22 --> Session: Class initialized using 'CodeIgniter\Session\Handlers\FileHandler' driver.
WARNING - 2024-01-31 19:59:22 --> [DEPRECATED] Required parameter $valor2 follows optional parameter $valor1 in APPPATH\Helpers\usuarios_helper.php on line 2.
 1 SYSTEMPATH\Common.php(667): include_once()
 2 APPPATH\Controllers\BaseController.php(57): helper([...])
 3 SYSTEMPATH\CodeIgniter.php(915): App\Controllers\BaseController->initController(Object(CodeIgniter\HTTP\IncomingRequest), Object(CodeIgniter\HTTP\Response), Object(CodeIgniter\Log\Logger))
 4 SYSTEMPATH\CodeIgniter.php(493): CodeIgniter\CodeIgniter->createController()
 5 SYSTEMPATH\CodeIgniter.php(361): CodeIgniter\CodeIgniter->handleRequest(null, Object(Config\Cache), false)
 6 FCPATH\index.php(79): CodeIgniter\CodeIgniter->run()
CRITICAL - 2024-01-31 20:43:22 --> syntax error, unexpected variable "$id_cookie", expecting ")"
in APPPATH\Filters\Noauth.php on line 27.
 1 SYSTEMPATH\Autoloader\Autoloader.php(291): CodeIgniter\Autoloader\Autoloader->includeFile('C:\\xampp\\htdocs\\codeigniter\\app\\Filters\\Noauth.php')
 2 SYSTEMPATH\Autoloader\Autoloader.php(269): CodeIgniter\Autoloader\Autoloader->loadInNamespace('App\\Filters\\Noauth')
 3 SYSTEMPATH\Filters\Filters.php(177): CodeIgniter\Autoloader\Autoloader->loadClass('App\\Filters\\Noauth')
 4 SYSTEMPATH\CodeIgniter.php(474): CodeIgniter\Filters\Filters->run('', 'before')
 5 SYSTEMPATH\CodeIgniter.php(361): CodeIgniter\CodeIgniter->handleRequest(null, Object(Config\Cache), false)
 6 FCPATH\index.php(79): CodeIgniter\CodeIgniter->run()
CRITICAL - 2024-01-31 20:52:48 --> syntax error, unexpected identifier "true", expecting ")"
in APPPATH\Filters\Noauth.php on line 30.
 1 SYSTEMPATH\Autoloader\Autoloader.php(291): CodeIgniter\Autoloader\Autoloader->includeFile('C:\\xampp\\htdocs\\codeigniter\\app\\Filters\\Noauth.php')
 2 SYSTEMPATH\Autoloader\Autoloader.php(269): CodeIgniter\Autoloader\Autoloader->loadInNamespace('App\\Filters\\Noauth')
 3 SYSTEMPATH\Filters\Filters.php(177): CodeIgniter\Autoloader\Autoloader->loadClass('App\\Filters\\Noauth')
 4 SYSTEMPATH\CodeIgniter.php(474): CodeIgniter\Filters\Filters->run('', 'before')
 5 SYSTEMPATH\CodeIgniter.php(361): CodeIgniter\CodeIgniter->handleRequest(null, Object(Config\Cache), false)
 6 FCPATH\index.php(79): CodeIgniter\CodeIgniter->run()
CRITICAL - 2024-01-31 20:53:17 --> Call to undefined method App\Models\IngresoModel::countAllResult
in SYSTEMPATH\Model.php on line 873.
 1 APPPATH\Filters\Noauth.php(24): CodeIgniter\Model->__call('countAllResult', [])
 2 SYSTEMPATH\Filters\Filters.php(186): App\Filters\Noauth->before(Object(CodeIgniter\HTTP\IncomingRequest), null)
 3 SYSTEMPATH\CodeIgniter.php(474): CodeIgniter\Filters\Filters->run('', 'before')
 4 SYSTEMPATH\CodeIgniter.php(361): CodeIgniter\CodeIgniter->handleRequest(null, Object(Config\Cache), false)
 5 FCPATH\index.php(79): CodeIgniter\CodeIgniter->run()
CRITICAL - 2024-01-31 21:42:11 --> Call to undefined method App\Models\IngresoModel::countAllResult
in SYSTEMPATH\Model.php on line 873.
 1 APPPATH\Filters\Noauth.php(24): CodeIgniter\Model->__call('countAllResult', [])
 2 SYSTEMPATH\Filters\Filters.php(186): App\Filters\Noauth->before(Object(CodeIgniter\HTTP\IncomingRequest), null)
 3 SYSTEMPATH\CodeIgniter.php(474): CodeIgniter\Filters\Filters->run('', 'before')
 4 SYSTEMPATH\CodeIgniter.php(361): CodeIgniter\CodeIgniter->handleRequest(null, Object(Config\Cache), false)
 5 FCPATH\index.php(79): CodeIgniter\CodeIgniter->run()
CRITICAL - 2024-01-31 21:42:13 --> Call to undefined method App\Models\IngresoModel::countAllResult
in SYSTEMPATH\Model.php on line 873.
 1 APPPATH\Filters\Noauth.php(24): CodeIgniter\Model->__call('countAllResult', [])
 2 SYSTEMPATH\Filters\Filters.php(186): App\Filters\Noauth->before(Object(CodeIgniter\HTTP\IncomingRequest), null)
 3 SYSTEMPATH\CodeIgniter.php(474): CodeIgniter\Filters\Filters->run('', 'before')
 4 SYSTEMPATH\CodeIgniter.php(361): CodeIgniter\CodeIgniter->handleRequest(null, Object(Config\Cache), false)
 5 FCPATH\index.php(79): CodeIgniter\CodeIgniter->run()
CRITICAL - 2024-01-31 21:42:14 --> Call to undefined method App\Models\IngresoModel::countAllResult
in SYSTEMPATH\Model.php on line 873.
 1 APPPATH\Filters\Noauth.php(24): CodeIgniter\Model->__call('countAllResult', [])
 2 SYSTEMPATH\Filters\Filters.php(186): App\Filters\Noauth->before(Object(CodeIgniter\HTTP\IncomingRequest), null)
 3 SYSTEMPATH\CodeIgniter.php(474): CodeIgniter\Filters\Filters->run('', 'before')
 4 SYSTEMPATH\CodeIgniter.php(361): CodeIgniter\CodeIgniter->handleRequest(null, Object(Config\Cache), false)
 5 FCPATH\index.php(79): CodeIgniter\CodeIgniter->run()
CRITICAL - 2024-01-31 21:42:17 --> Call to undefined method App\Models\IngresoModel::countAllResult
in SYSTEMPATH\Model.php on line 873.
 1 APPPATH\Filters\Noauth.php(24): CodeIgniter\Model->__call('countAllResult', [])
 2 SYSTEMPATH\Filters\Filters.php(186): App\Filters\Noauth->before(Object(CodeIgniter\HTTP\IncomingRequest), null)
 3 SYSTEMPATH\CodeIgniter.php(474): CodeIgniter\Filters\Filters->run('', 'before')
 4 SYSTEMPATH\CodeIgniter.php(361): CodeIgniter\CodeIgniter->handleRequest(null, Object(Config\Cache), false)
 5 FCPATH\index.php(79): CodeIgniter\CodeIgniter->run()
CRITICAL - 2024-01-31 21:42:49 --> Call to undefined method App\Models\IngresoModel::countAllResult
in SYSTEMPATH\Model.php on line 873.
 1 APPPATH\Filters\Noauth.php(24): CodeIgniter\Model->__call('countAllResult', [])
 2 SYSTEMPATH\Filters\Filters.php(186): App\Filters\Noauth->before(Object(CodeIgniter\HTTP\IncomingRequest), null)
 3 SYSTEMPATH\CodeIgniter.php(474): CodeIgniter\Filters\Filters->run('', 'before')
 4 SYSTEMPATH\CodeIgniter.php(361): CodeIgniter\CodeIgniter->handleRequest(null, Object(Config\Cache), false)
 5 FCPATH\index.php(79): CodeIgniter\CodeIgniter->run()
CRITICAL - 2024-01-31 21:42:51 --> Call to undefined method App\Models\IngresoModel::countAllResult
in SYSTEMPATH\Model.php on line 873.
 1 APPPATH\Filters\Noauth.php(24): CodeIgniter\Model->__call('countAllResult', [])
 2 SYSTEMPATH\Filters\Filters.php(186): App\Filters\Noauth->before(Object(CodeIgniter\HTTP\IncomingRequest), null)
 3 SYSTEMPATH\CodeIgniter.php(474): CodeIgniter\Filters\Filters->run('', 'before')
 4 SYSTEMPATH\CodeIgniter.php(361): CodeIgniter\CodeIgniter->handleRequest(null, Object(Config\Cache), false)
 5 FCPATH\index.php(79): CodeIgniter\CodeIgniter->run()
CRITICAL - 2024-01-31 21:48:40 --> Call to undefined method App\Models\IngresoModel::countAllResult
in SYSTEMPATH\Model.php on line 873.
 1 APPPATH\Filters\Noauth.php(24): CodeIgniter\Model->__call('countAllResult', [])
 2 SYSTEMPATH\Filters\Filters.php(186): App\Filters\Noauth->before(Object(CodeIgniter\HTTP\IncomingRequest), null)
 3 SYSTEMPATH\CodeIgniter.php(474): CodeIgniter\Filters\Filters->run('', 'before')
 4 SYSTEMPATH\CodeIgniter.php(361): CodeIgniter\CodeIgniter->handleRequest(null, Object(Config\Cache), false)
 5 FCPATH\index.php(79): CodeIgniter\CodeIgniter->run()
INFO - 2024-01-31 21:50:33 --> Session: Class initialized using 'CodeIgniter\Session\Handlers\FileHandler' driver.
WARNING - 2024-01-31 21:50:33 --> [DEPRECATED] Required parameter $valor2 follows optional parameter $valor1 in APPPATH\Helpers\usuarios_helper.php on line 2.
 1 SYSTEMPATH\Common.php(667): include_once()
 2 APPPATH\Controllers\BaseController.php(57): helper([...])
 3 SYSTEMPATH\CodeIgniter.php(915): App\Controllers\BaseController->initController(Object(CodeIgniter\HTTP\IncomingRequest), Object(CodeIgniter\HTTP\Response), Object(CodeIgniter\Log\Logger))
 4 SYSTEMPATH\CodeIgniter.php(493): CodeIgniter\CodeIgniter->createController()
 5 SYSTEMPATH\CodeIgniter.php(361): CodeIgniter\CodeIgniter->handleRequest(null, Object(Config\Cache), false)
 6 FCPATH\index.php(79): CodeIgniter\CodeIgniter->run()
CRITICAL - 2024-01-31 21:52:05 --> Call to undefined method App\Models\IngresoModel::countAllResult
in SYSTEMPATH\Model.php on line 873.
 1 APPPATH\Filters\Noauth.php(24): CodeIgniter\Model->__call('countAllResult', [])
 2 SYSTEMPATH\Filters\Filters.php(186): App\Filters\Noauth->before(Object(CodeIgniter\HTTP\IncomingRequest), null)
 3 SYSTEMPATH\CodeIgniter.php(474): CodeIgniter\Filters\Filters->run('', 'before')
 4 SYSTEMPATH\CodeIgniter.php(361): CodeIgniter\CodeIgniter->handleRequest(null, Object(Config\Cache), false)
 5 FCPATH\index.php(79): CodeIgniter\CodeIgniter->run()
CRITICAL - 2024-01-31 21:52:19 --> Call to undefined method App\Models\IngresoModel::countAllResult
in SYSTEMPATH\Model.php on line 873.
 1 APPPATH\Filters\Noauth.php(24): CodeIgniter\Model->__call('countAllResult', [])
 2 SYSTEMPATH\Filters\Filters.php(186): App\Filters\Noauth->before(Object(CodeIgniter\HTTP\IncomingRequest), null)
 3 SYSTEMPATH\CodeIgniter.php(474): CodeIgniter\Filters\Filters->run('', 'before')
 4 SYSTEMPATH\CodeIgniter.php(361): CodeIgniter\CodeIgniter->handleRequest(null, Object(Config\Cache), false)
 5 FCPATH\index.php(79): CodeIgniter\CodeIgniter->run()
INFO - 2024-01-31 21:55:34 --> Session: Class initialized using 'CodeIgniter\Session\Handlers\FileHandler' driver.
WARNING - 2024-01-31 21:55:34 --> [DEPRECATED] Required parameter $valor2 follows optional parameter $valor1 in APPPATH\Helpers\usuarios_helper.php on line 2.
 1 SYSTEMPATH\Common.php(667): include_once()
 2 APPPATH\Controllers\BaseController.php(57): helper([...])
 3 SYSTEMPATH\CodeIgniter.php(915): App\Controllers\BaseController->initController(Object(CodeIgniter\HTTP\IncomingRequest), Object(CodeIgniter\HTTP\Response), Object(CodeIgniter\Log\Logger))
 4 SYSTEMPATH\CodeIgniter.php(493): CodeIgniter\CodeIgniter->createController()
 5 SYSTEMPATH\CodeIgniter.php(361): CodeIgniter\CodeIgniter->handleRequest(null, Object(Config\Cache), false)
 6 FCPATH\index.php(79): CodeIgniter\CodeIgniter->run()
INFO - 2024-01-31 21:58:34 --> Session: Class initialized using 'CodeIgniter\Session\Handlers\FileHandler' driver.
WARNING - 2024-01-31 21:58:34 --> [DEPRECATED] Required parameter $valor2 follows optional parameter $valor1 in APPPATH\Helpers\usuarios_helper.php on line 2.
 1 SYSTEMPATH\Common.php(667): include_once()
 2 APPPATH\Controllers\BaseController.php(57): helper([...])
 3 SYSTEMPATH\CodeIgniter.php(915): App\Controllers\BaseController->initController(Object(CodeIgniter\HTTP\IncomingRequest), Object(CodeIgniter\HTTP\Response), Object(CodeIgniter\Log\Logger))
 4 SYSTEMPATH\CodeIgniter.php(493): CodeIgniter\CodeIgniter->createController()
 5 SYSTEMPATH\CodeIgniter.php(361): CodeIgniter\CodeIgniter->handleRequest(null, Object(Config\Cache), false)
 6 FCPATH\index.php(79): CodeIgniter\CodeIgniter->run()
WARNING - 2024-01-31 21:59:08 --> [DEPRECATED] Required parameter $valor2 follows optional parameter $valor1 in APPPATH\Helpers\usuarios_helper.php on line 2.
 1 SYSTEMPATH\Common.php(667): include_once()
 2 APPPATH\Controllers\BaseController.php(57): helper([...])
 3 SYSTEMPATH\CodeIgniter.php(915): App\Controllers\BaseController->initController(Object(CodeIgniter\HTTP\IncomingRequest), Object(CodeIgniter\HTTP\Response), Object(CodeIgniter\Log\Logger))
 4 SYSTEMPATH\CodeIgniter.php(493): CodeIgniter\CodeIgniter->createController()
 5 SYSTEMPATH\CodeIgniter.php(361): CodeIgniter\CodeIgniter->handleRequest(null, Object(Config\Cache), false)
 6 FCPATH\index.php(79): CodeIgniter\CodeIgniter->run()
INFO - 2024-01-31 21:59:08 --> Session: Class initialized using 'CodeIgniter\Session\Handlers\FileHandler' driver.
INFO - 2024-01-31 21:59:09 --> Session: Class initialized using 'CodeIgniter\Session\Handlers\FileHandler' driver.
WARNING - 2024-01-31 21:59:09 --> [DEPRECATED] Required parameter $valor2 follows optional parameter $valor1 in APPPATH\Helpers\usuarios_helper.php on line 2.
 1 SYSTEMPATH\Common.php(667): include_once()
 2 APPPATH\Controllers\BaseController.php(57): helper([...])
 3 SYSTEMPATH\CodeIgniter.php(915): App\Controllers\BaseController->initController(Object(CodeIgniter\HTTP\IncomingRequest), Object(CodeIgniter\HTTP\Response), Object(CodeIgniter\Log\Logger))
 4 SYSTEMPATH\CodeIgniter.php(493): CodeIgniter\CodeIgniter->createController()
 5 SYSTEMPATH\CodeIgniter.php(361): CodeIgniter\CodeIgniter->handleRequest(null, Object(Config\Cache), false)
 6 FCPATH\index.php(79): CodeIgniter\CodeIgniter->run()
WARNING - 2024-01-31 21:59:20 --> [DEPRECATED] Required parameter $valor2 follows optional parameter $valor1 in APPPATH\Helpers\usuarios_helper.php on line 2.
 1 SYSTEMPATH\Common.php(667): include_once()
 2 APPPATH\Controllers\BaseController.php(57): helper([...])
 3 SYSTEMPATH\CodeIgniter.php(915): App\Controllers\BaseController->initController(Object(CodeIgniter\HTTP\IncomingRequest), Object(CodeIgniter\HTTP\Response), Object(CodeIgniter\Log\Logger))
 4 SYSTEMPATH\CodeIgniter.php(493): CodeIgniter\CodeIgniter->createController()
 5 SYSTEMPATH\CodeIgniter.php(361): CodeIgniter\CodeIgniter->handleRequest(null, Object(Config\Cache), false)
 6 FCPATH\index.php(79): CodeIgniter\CodeIgniter->run()
INFO - 2024-01-31 21:59:20 --> Session: Class initialized using 'CodeIgniter\Session\Handlers\FileHandler' driver.
INFO - 2024-01-31 21:59:20 --> Session: Class initialized using 'CodeIgniter\Session\Handlers\FileHandler' driver.
WARNING - 2024-01-31 21:59:20 --> [DEPRECATED] Required parameter $valor2 follows optional parameter $valor1 in APPPATH\Helpers\usuarios_helper.php on line 2.
 1 SYSTEMPATH\Common.php(667): include_once()
 2 APPPATH\Controllers\BaseController.php(57): helper([...])
 3 SYSTEMPATH\CodeIgniter.php(915): App\Controllers\BaseController->initController(Object(CodeIgniter\HTTP\IncomingRequest), Object(CodeIgniter\HTTP\Response), Object(CodeIgniter\Log\Logger))
 4 SYSTEMPATH\CodeIgniter.php(493): CodeIgniter\CodeIgniter->createController()
 5 SYSTEMPATH\CodeIgniter.php(361): CodeIgniter\CodeIgniter->handleRequest(null, Object(Config\Cache), false)
 6 FCPATH\index.php(79): CodeIgniter\CodeIgniter->run()
INFO - 2024-01-31 22:00:12 --> Session: Class initialized using 'CodeIgniter\Session\Handlers\FileHandler' driver.
WARNING - 2024-01-31 22:00:12 --> [DEPRECATED] Required parameter $valor2 follows optional parameter $valor1 in APPPATH\Helpers\usuarios_helper.php on line 2.
 1 SYSTEMPATH\Common.php(667): include_once()
 2 APPPATH\Controllers\BaseController.php(57): helper([...])
 3 SYSTEMPATH\CodeIgniter.php(915): App\Controllers\BaseController->initController(Object(CodeIgniter\HTTP\IncomingRequest), Object(CodeIgniter\HTTP\Response), Object(CodeIgniter\Log\Logger))
 4 SYSTEMPATH\CodeIgniter.php(493): CodeIgniter\CodeIgniter->createController()
 5 SYSTEMPATH\CodeIgniter.php(361): CodeIgniter\CodeIgniter->handleRequest(null, Object(Config\Cache), false)
 6 FCPATH\index.php(79): CodeIgniter\CodeIgniter->run()
WARNING - 2024-01-31 22:11:18 --> [DEPRECATED] Required parameter $valor2 follows optional parameter $valor1 in APPPATH\Helpers\usuarios_helper.php on line 2.
 1 SYSTEMPATH\Common.php(667): include_once()
 2 APPPATH\Controllers\BaseController.php(57): helper([...])
 3 SYSTEMPATH\CodeIgniter.php(915): App\Controllers\BaseController->initController(Object(CodeIgniter\HTTP\IncomingRequest), Object(CodeIgniter\HTTP\Response), Object(CodeIgniter\Log\Logger))
 4 SYSTEMPATH\CodeIgniter.php(493): CodeIgniter\CodeIgniter->createController()
 5 SYSTEMPATH\CodeIgniter.php(361): CodeIgniter\CodeIgniter->handleRequest(null, Object(Config\Cache), false)
 6 FCPATH\index.php(79): CodeIgniter\CodeIgniter->run()
INFO - 2024-01-31 22:11:19 --> Session: Class initialized using 'CodeIgniter\Session\Handlers\FileHandler' driver.
WARNING - 2024-01-31 22:11:19 --> [DEPRECATED] Required parameter $valor2 follows optional parameter $valor1 in APPPATH\Helpers\usuarios_helper.php on line 2.
 1 SYSTEMPATH\Common.php(667): include_once()
 2 APPPATH\Controllers\BaseController.php(57): helper([...])
 3 SYSTEMPATH\CodeIgniter.php(915): App\Controllers\BaseController->initController(Object(CodeIgniter\HTTP\IncomingRequest), Object(CodeIgniter\HTTP\Response), Object(CodeIgniter\Log\Logger))
 4 SYSTEMPATH\CodeIgniter.php(493): CodeIgniter\CodeIgniter->createController()
 5 SYSTEMPATH\CodeIgniter.php(361): CodeIgniter\CodeIgniter->handleRequest(null, Object(Config\Cache), false)
 6 FCPATH\index.php(79): CodeIgniter\CodeIgniter->run()
WARNING - 2024-01-31 22:11:29 --> [DEPRECATED] Required parameter $valor2 follows optional parameter $valor1 in APPPATH\Helpers\usuarios_helper.php on line 2.
 1 SYSTEMPATH\Common.php(667): include_once()
 2 APPPATH\Controllers\BaseController.php(57): helper([...])
 3 SYSTEMPATH\CodeIgniter.php(915): App\Controllers\BaseController->initController(Object(CodeIgniter\HTTP\IncomingRequest), Object(CodeIgniter\HTTP\Response), Object(CodeIgniter\Log\Logger))
 4 SYSTEMPATH\CodeIgniter.php(493): CodeIgniter\CodeIgniter->createController()
 5 SYSTEMPATH\CodeIgniter.php(361): CodeIgniter\CodeIgniter->handleRequest(null, Object(Config\Cache), false)
 6 FCPATH\index.php(79): CodeIgniter\CodeIgniter->run()
INFO - 2024-01-31 22:11:29 --> Session: Class initialized using 'CodeIgniter\Session\Handlers\FileHandler' driver.
INFO - 2024-01-31 22:11:30 --> Session: Class initialized using 'CodeIgniter\Session\Handlers\FileHandler' driver.
WARNING - 2024-01-31 22:11:30 --> [DEPRECATED] Required parameter $valor2 follows optional parameter $valor1 in APPPATH\Helpers\usuarios_helper.php on line 2.
 1 SYSTEMPATH\Common.php(667): include_once()
 2 APPPATH\Controllers\BaseController.php(57): helper([...])
 3 SYSTEMPATH\CodeIgniter.php(915): App\Controllers\BaseController->initController(Object(CodeIgniter\HTTP\IncomingRequest), Object(CodeIgniter\HTTP\Response), Object(CodeIgniter\Log\Logger))
 4 SYSTEMPATH\CodeIgniter.php(493): CodeIgniter\CodeIgniter->createController()
 5 SYSTEMPATH\CodeIgniter.php(361): CodeIgniter\CodeIgniter->handleRequest(null, Object(Config\Cache), false)
 6 FCPATH\index.php(79): CodeIgniter\CodeIgniter->run()
INFO - 2024-01-31 22:11:34 --> Session: Class initialized using 'CodeIgniter\Session\Handlers\FileHandler' driver.
WARNING - 2024-01-31 22:11:34 --> [DEPRECATED] Required parameter $valor2 follows optional parameter $valor1 in APPPATH\Helpers\usuarios_helper.php on line 2.
 1 SYSTEMPATH\Common.php(667): include_once()
 2 APPPATH\Controllers\BaseController.php(57): helper([...])
 3 SYSTEMPATH\CodeIgniter.php(915): App\Controllers\BaseController->initController(Object(CodeIgniter\HTTP\IncomingRequest), Object(CodeIgniter\HTTP\Response), Object(CodeIgniter\Log\Logger))
 4 SYSTEMPATH\CodeIgniter.php(493): CodeIgniter\CodeIgniter->createController()
 5 SYSTEMPATH\CodeIgniter.php(361): CodeIgniter\CodeIgniter->handleRequest(null, Object(Config\Cache), false)
 6 FCPATH\index.php(79): CodeIgniter\CodeIgniter->run()
WARNING - 2024-01-31 22:11:36 --> [DEPRECATED] Required parameter $valor2 follows optional parameter $valor1 in APPPATH\Helpers\usuarios_helper.php on line 2.
 1 SYSTEMPATH\Common.php(667): include_once()
 2 APPPATH\Controllers\BaseController.php(57): helper([...])
 3 SYSTEMPATH\CodeIgniter.php(915): App\Controllers\BaseController->initController(Object(CodeIgniter\HTTP\IncomingRequest), Object(CodeIgniter\HTTP\Response), Object(CodeIgniter\Log\Logger))
 4 SYSTEMPATH\CodeIgniter.php(493): CodeIgniter\CodeIgniter->createController()
 5 SYSTEMPATH\CodeIgniter.php(361): CodeIgniter\CodeIgniter->handleRequest(null, Object(Config\Cache), false)
 6 FCPATH\index.php(79): CodeIgniter\CodeIgniter->run()
INFO - 2024-01-31 22:11:36 --> Session: Class initialized using 'CodeIgniter\Session\Handlers\FileHandler' driver.
INFO - 2024-01-31 22:11:36 --> Session: Class initialized using 'CodeIgniter\Session\Handlers\FileHandler' driver.
WARNING - 2024-01-31 22:11:36 --> [DEPRECATED] Required parameter $valor2 follows optional parameter $valor1 in APPPATH\Helpers\usuarios_helper.php on line 2.
 1 SYSTEMPATH\Common.php(667): include_once()
 2 APPPATH\Controllers\BaseController.php(57): helper([...])
 3 SYSTEMPATH\CodeIgniter.php(915): App\Controllers\BaseController->initController(Object(CodeIgniter\HTTP\IncomingRequest), Object(CodeIgniter\HTTP\Response), Object(CodeIgniter\Log\Logger))
 4 SYSTEMPATH\CodeIgniter.php(493): CodeIgniter\CodeIgniter->createController()
 5 SYSTEMPATH\CodeIgniter.php(361): CodeIgniter\CodeIgniter->handleRequest(null, Object(Config\Cache), false)
 6 FCPATH\index.php(79): CodeIgniter\CodeIgniter->run()
WARNING - 2024-01-31 22:11:54 --> [DEPRECATED] Required parameter $valor2 follows optional parameter $valor1 in APPPATH\Helpers\usuarios_helper.php on line 2.
 1 SYSTEMPATH\Common.php(667): include_once()
 2 APPPATH\Controllers\BaseController.php(57): helper([...])
 3 SYSTEMPATH\CodeIgniter.php(915): App\Controllers\BaseController->initController(Object(CodeIgniter\HTTP\IncomingRequest), Object(CodeIgniter\HTTP\Response), Object(CodeIgniter\Log\Logger))
 4 SYSTEMPATH\CodeIgniter.php(493): CodeIgniter\CodeIgniter->createController()
 5 SYSTEMPATH\CodeIgniter.php(361): CodeIgniter\CodeIgniter->handleRequest(null, Object(Config\Cache), false)
 6 FCPATH\index.php(79): CodeIgniter\CodeIgniter->run()
INFO - 2024-01-31 22:11:54 --> Session: Class initialized using 'CodeIgniter\Session\Handlers\FileHandler' driver.
INFO - 2024-01-31 22:11:54 --> Session: Class initialized using 'CodeIgniter\Session\Handlers\FileHandler' driver.
WARNING - 2024-01-31 22:11:54 --> [DEPRECATED] Required parameter $valor2 follows optional parameter $valor1 in APPPATH\Helpers\usuarios_helper.php on line 2.
 1 SYSTEMPATH\Common.php(667): include_once()
 2 APPPATH\Controllers\BaseController.php(57): helper([...])
 3 SYSTEMPATH\CodeIgniter.php(915): App\Controllers\BaseController->initController(Object(CodeIgniter\HTTP\IncomingRequest), Object(CodeIgniter\HTTP\Response), Object(CodeIgniter\Log\Logger))
 4 SYSTEMPATH\CodeIgniter.php(493): CodeIgniter\CodeIgniter->createController()
 5 SYSTEMPATH\CodeIgniter.php(361): CodeIgniter\CodeIgniter->handleRequest(null, Object(Config\Cache), false)
 6 FCPATH\index.php(79): CodeIgniter\CodeIgniter->run()
INFO - 2024-01-31 22:12:14 --> Session: Class initialized using 'CodeIgniter\Session\Handlers\FileHandler' driver.
WARNING - 2024-01-31 22:12:14 --> [DEPRECATED] Required parameter $valor2 follows optional parameter $valor1 in APPPATH\Helpers\usuarios_helper.php on line 2.
 1 SYSTEMPATH\Common.php(667): include_once()
 2 APPPATH\Controllers\BaseController.php(57): helper([...])
 3 SYSTEMPATH\CodeIgniter.php(915): App\Controllers\BaseController->initController(Object(CodeIgniter\HTTP\IncomingRequest), Object(CodeIgniter\HTTP\Response), Object(CodeIgniter\Log\Logger))
 4 SYSTEMPATH\CodeIgniter.php(493): CodeIgniter\CodeIgniter->createController()
 5 SYSTEMPATH\CodeIgniter.php(361): CodeIgniter\CodeIgniter->handleRequest(null, Object(Config\Cache), false)
 6 FCPATH\index.php(79): CodeIgniter\CodeIgniter->run()
INFO - 2024-01-31 22:12:40 --> Session: Class initialized using 'CodeIgniter\Session\Handlers\FileHandler' driver.
WARNING - 2024-01-31 22:12:40 --> [DEPRECATED] Required parameter $valor2 follows optional parameter $valor1 in APPPATH\Helpers\usuarios_helper.php on line 2.
 1 SYSTEMPATH\Common.php(667): include_once()
 2 APPPATH\Controllers\BaseController.php(57): helper([...])
 3 SYSTEMPATH\CodeIgniter.php(915): App\Controllers\BaseController->initController(Object(CodeIgniter\HTTP\IncomingRequest), Object(CodeIgniter\HTTP\Response), Object(CodeIgniter\Log\Logger))
 4 SYSTEMPATH\CodeIgniter.php(493): CodeIgniter\CodeIgniter->createController()
 5 SYSTEMPATH\CodeIgniter.php(361): CodeIgniter\CodeIgniter->handleRequest(null, Object(Config\Cache), false)
 6 FCPATH\index.php(79): CodeIgniter\CodeIgniter->run()
INFO - 2024-01-31 22:15:19 --> Session: Class initialized using 'CodeIgniter\Session\Handlers\FileHandler' driver.
INFO - 2024-01-31 22:15:20 --> Session: Class initialized using 'CodeIgniter\Session\Handlers\FileHandler' driver.
WARNING - 2024-01-31 22:15:20 --> [DEPRECATED] Required parameter $valor2 follows optional parameter $valor1 in APPPATH\Helpers\usuarios_helper.php on line 2.
 1 SYSTEMPATH\Common.php(667): include_once()
 2 APPPATH\Controllers\BaseController.php(57): helper([...])
 3 SYSTEMPATH\CodeIgniter.php(915): App\Controllers\BaseController->initController(Object(CodeIgniter\HTTP\IncomingRequest), Object(CodeIgniter\HTTP\Response), Object(CodeIgniter\Log\Logger))
 4 SYSTEMPATH\CodeIgniter.php(493): CodeIgniter\CodeIgniter->createController()
 5 SYSTEMPATH\CodeIgniter.php(361): CodeIgniter\CodeIgniter->handleRequest(null, Object(Config\Cache), false)
 6 FCPATH\index.php(79): CodeIgniter\CodeIgniter->run()
INFO - 2024-01-31 22:15:23 --> Session: Class initialized using 'CodeIgniter\Session\Handlers\FileHandler' driver.
INFO - 2024-01-31 22:15:23 --> Session: Class initialized using 'CodeIgniter\Session\Handlers\FileHandler' driver.
INFO - 2024-01-31 22:15:23 --> Session: Class initialized using 'CodeIgniter\Session\Handlers\FileHandler' driver.
WARNING - 2024-01-31 22:15:23 --> [DEPRECATED] Required parameter $valor2 follows optional parameter $valor1 in APPPATH\Helpers\usuarios_helper.php on line 2.
 1 SYSTEMPATH\Common.php(667): include_once()
 2 APPPATH\Controllers\BaseController.php(57): helper([...])
 3 SYSTEMPATH\CodeIgniter.php(915): App\Controllers\BaseController->initController(Object(CodeIgniter\HTTP\IncomingRequest), Object(CodeIgniter\HTTP\Response), Object(CodeIgniter\Log\Logger))
 4 SYSTEMPATH\CodeIgniter.php(493): CodeIgniter\CodeIgniter->createController()
 5 SYSTEMPATH\CodeIgniter.php(361): CodeIgniter\CodeIgniter->handleRequest(null, Object(Config\Cache), false)
 6 FCPATH\index.php(79): CodeIgniter\CodeIgniter->run()
WARNING - 2024-01-31 22:15:52 --> [DEPRECATED] Required parameter $valor2 follows optional parameter $valor1 in APPPATH\Helpers\usuarios_helper.php on line 2.
 1 SYSTEMPATH\Common.php(667): include_once()
 2 APPPATH\Controllers\BaseController.php(57): helper([...])
 3 SYSTEMPATH\CodeIgniter.php(915): App\Controllers\BaseController->initController(Object(CodeIgniter\HTTP\IncomingRequest), Object(CodeIgniter\HTTP\Response), Object(CodeIgniter\Log\Logger))
 4 SYSTEMPATH\CodeIgniter.php(493): CodeIgniter\CodeIgniter->createController()
 5 SYSTEMPATH\CodeIgniter.php(361): CodeIgniter\CodeIgniter->handleRequest(null, Object(Config\Cache), false)
 6 FCPATH\index.php(79): CodeIgniter\CodeIgniter->run()
INFO - 2024-01-31 22:15:52 --> Session: Class initialized using 'CodeIgniter\Session\Handlers\FileHandler' driver.
INFO - 2024-01-31 22:15:53 --> Session: Class initialized using 'CodeIgniter\Session\Handlers\FileHandler' driver.
WARNING - 2024-01-31 22:15:53 --> [DEPRECATED] Required parameter $valor2 follows optional parameter $valor1 in APPPATH\Helpers\usuarios_helper.php on line 2.
 1 SYSTEMPATH\Common.php(667): include_once()
 2 APPPATH\Controllers\BaseController.php(57): helper([...])
 3 SYSTEMPATH\CodeIgniter.php(915): App\Controllers\BaseController->initController(Object(CodeIgniter\HTTP\IncomingRequest), Object(CodeIgniter\HTTP\Response), Object(CodeIgniter\Log\Logger))
 4 SYSTEMPATH\CodeIgniter.php(493): CodeIgniter\CodeIgniter->createController()
 5 SYSTEMPATH\CodeIgniter.php(361): CodeIgniter\CodeIgniter->handleRequest(null, Object(Config\Cache), false)
 6 FCPATH\index.php(79): CodeIgniter\CodeIgniter->run()
WARNING - 2024-01-31 22:16:09 --> [DEPRECATED] Required parameter $valor2 follows optional parameter $valor1 in APPPATH\Helpers\usuarios_helper.php on line 2.
 1 SYSTEMPATH\Common.php(667): include_once()
 2 APPPATH\Controllers\BaseController.php(57): helper([...])
 3 SYSTEMPATH\CodeIgniter.php(915): App\Controllers\BaseController->initController(Object(CodeIgniter\HTTP\IncomingRequest), Object(CodeIgniter\HTTP\Response), Object(CodeIgniter\Log\Logger))
 4 SYSTEMPATH\CodeIgniter.php(493): CodeIgniter\CodeIgniter->createController()
 5 SYSTEMPATH\CodeIgniter.php(361): CodeIgniter\CodeIgniter->handleRequest(null, Object(Config\Cache), false)
 6 FCPATH\index.php(79): CodeIgniter\CodeIgniter->run()
INFO - 2024-01-31 22:16:09 --> Session: Class initialized using 'CodeIgniter\Session\Handlers\FileHandler' driver.
INFO - 2024-01-31 22:16:09 --> Session: Class initialized using 'CodeIgniter\Session\Handlers\FileHandler' driver.
WARNING - 2024-01-31 22:16:09 --> [DEPRECATED] Required parameter $valor2 follows optional parameter $valor1 in APPPATH\Helpers\usuarios_helper.php on line 2.
 1 SYSTEMPATH\Common.php(667): include_once()
 2 APPPATH\Controllers\BaseController.php(57): helper([...])
 3 SYSTEMPATH\CodeIgniter.php(915): App\Controllers\BaseController->initController(Object(CodeIgniter\HTTP\IncomingRequest), Object(CodeIgniter\HTTP\Response), Object(CodeIgniter\Log\Logger))
 4 SYSTEMPATH\CodeIgniter.php(493): CodeIgniter\CodeIgniter->createController()
 5 SYSTEMPATH\CodeIgniter.php(361): CodeIgniter\CodeIgniter->handleRequest(null, Object(Config\Cache), false)
 6 FCPATH\index.php(79): CodeIgniter\CodeIgniter->run()
INFO - 2024-01-31 22:16:46 --> Session: Class initialized using 'CodeIgniter\Session\Handlers\FileHandler' driver.
INFO - 2024-01-31 22:16:47 --> Session: Class initialized using 'CodeIgniter\Session\Handlers\FileHandler' driver.
WARNING - 2024-01-31 22:16:47 --> [DEPRECATED] Required parameter $valor2 follows optional parameter $valor1 in APPPATH\Helpers\usuarios_helper.php on line 2.
 1 SYSTEMPATH\Common.php(667): include_once()
 2 APPPATH\Controllers\BaseController.php(57): helper([...])
 3 SYSTEMPATH\CodeIgniter.php(915): App\Controllers\BaseController->initController(Object(CodeIgniter\HTTP\IncomingRequest), Object(CodeIgniter\HTTP\Response), Object(CodeIgniter\Log\Logger))
 4 SYSTEMPATH\CodeIgniter.php(493): CodeIgniter\CodeIgniter->createController()
 5 SYSTEMPATH\CodeIgniter.php(361): CodeIgniter\CodeIgniter->handleRequest(null, Object(Config\Cache), false)
 6 FCPATH\index.php(79): CodeIgniter\CodeIgniter->run()
WARNING - 2024-01-31 22:17:04 --> [DEPRECATED] Required parameter $valor2 follows optional parameter $valor1 in APPPATH\Helpers\usuarios_helper.php on line 2.
 1 SYSTEMPATH\Common.php(667): include_once()
 2 APPPATH\Controllers\BaseController.php(57): helper([...])
 3 SYSTEMPATH\CodeIgniter.php(915): App\Controllers\BaseController->initController(Object(CodeIgniter\HTTP\IncomingRequest), Object(CodeIgniter\HTTP\Response), Object(CodeIgniter\Log\Logger))
 4 SYSTEMPATH\CodeIgniter.php(493): CodeIgniter\CodeIgniter->createController()
 5 SYSTEMPATH\CodeIgniter.php(361): CodeIgniter\CodeIgniter->handleRequest(null, Object(Config\Cache), false)
 6 FCPATH\index.php(79): CodeIgniter\CodeIgniter->run()
INFO - 2024-01-31 22:17:05 --> Session: Class initialized using 'CodeIgniter\Session\Handlers\FileHandler' driver.
INFO - 2024-01-31 22:17:05 --> Session: Class initialized using 'CodeIgniter\Session\Handlers\FileHandler' driver.
WARNING - 2024-01-31 22:17:05 --> [DEPRECATED] Required parameter $valor2 follows optional parameter $valor1 in APPPATH\Helpers\usuarios_helper.php on line 2.
 1 SYSTEMPATH\Common.php(667): include_once()
 2 APPPATH\Controllers\BaseController.php(57): helper([...])
 3 SYSTEMPATH\CodeIgniter.php(915): App\Controllers\BaseController->initController(Object(CodeIgniter\HTTP\IncomingRequest), Object(CodeIgniter\HTTP\Response), Object(CodeIgniter\Log\Logger))
 4 SYSTEMPATH\CodeIgniter.php(493): CodeIgniter\CodeIgniter->createController()
 5 SYSTEMPATH\CodeIgniter.php(361): CodeIgniter\CodeIgniter->handleRequest(null, Object(Config\Cache), false)
 6 FCPATH\index.php(79): CodeIgniter\CodeIgniter->run()
WARNING - 2024-01-31 22:24:29 --> [DEPRECATED] Required parameter $valor2 follows optional parameter $valor1 in APPPATH\Helpers\usuarios_helper.php on line 2.
 1 SYSTEMPATH\Common.php(667): include_once()
 2 APPPATH\Controllers\BaseController.php(57): helper([...])
 3 SYSTEMPATH\CodeIgniter.php(915): App\Controllers\BaseController->initController(Object(CodeIgniter\HTTP\IncomingRequest), Object(CodeIgniter\HTTP\Response), Object(CodeIgniter\Log\Logger))
 4 SYSTEMPATH\CodeIgniter.php(493): CodeIgniter\CodeIgniter->createController()
 5 SYSTEMPATH\CodeIgniter.php(361): CodeIgniter\CodeIgniter->handleRequest(null, Object(Config\Cache), false)
 6 FCPATH\index.php(79): CodeIgniter\CodeIgniter->run()
INFO - 2024-01-31 22:24:29 --> Session: Class initialized using 'CodeIgniter\Session\Handlers\FileHandler' driver.
INFO - 2024-01-31 22:24:29 --> Session: Class initialized using 'CodeIgniter\Session\Handlers\FileHandler' driver.
WARNING - 2024-01-31 22:24:29 --> [DEPRECATED] Required parameter $valor2 follows optional parameter $valor1 in APPPATH\Helpers\usuarios_helper.php on line 2.
 1 SYSTEMPATH\Common.php(667): include_once()
 2 APPPATH\Controllers\BaseController.php(57): helper([...])
 3 SYSTEMPATH\CodeIgniter.php(915): App\Controllers\BaseController->initController(Object(CodeIgniter\HTTP\IncomingRequest), Object(CodeIgniter\HTTP\Response), Object(CodeIgniter\Log\Logger))
 4 SYSTEMPATH\CodeIgniter.php(493): CodeIgniter\CodeIgniter->createController()
 5 SYSTEMPATH\CodeIgniter.php(361): CodeIgniter\CodeIgniter->handleRequest(null, Object(Config\Cache), false)
 6 FCPATH\index.php(79): CodeIgniter\CodeIgniter->run()
WARNING - 2024-01-31 22:25:30 --> [DEPRECATED] Required parameter $valor2 follows optional parameter $valor1 in APPPATH\Helpers\usuarios_helper.php on line 2.
 1 SYSTEMPATH\Common.php(667): include_once()
 2 APPPATH\Controllers\BaseController.php(57): helper([...])
 3 SYSTEMPATH\CodeIgniter.php(915): App\Controllers\BaseController->initController(Object(CodeIgniter\HTTP\IncomingRequest), Object(CodeIgniter\HTTP\Response), Object(CodeIgniter\Log\Logger))
 4 SYSTEMPATH\CodeIgniter.php(493): CodeIgniter\CodeIgniter->createController()
 5 SYSTEMPATH\CodeIgniter.php(361): CodeIgniter\CodeIgniter->handleRequest(null, Object(Config\Cache), false)
 6 FCPATH\index.php(79): CodeIgniter\CodeIgniter->run()
INFO - 2024-01-31 22:25:30 --> Session: Class initialized using 'CodeIgniter\Session\Handlers\FileHandler' driver.
INFO - 2024-01-31 22:25:30 --> Session: Class initialized using 'CodeIgniter\Session\Handlers\FileHandler' driver.
WARNING - 2024-01-31 22:25:30 --> [DEPRECATED] Required parameter $valor2 follows optional parameter $valor1 in APPPATH\Helpers\usuarios_helper.php on line 2.
 1 SYSTEMPATH\Common.php(667): include_once()
 2 APPPATH\Controllers\BaseController.php(57): helper([...])
 3 SYSTEMPATH\CodeIgniter.php(915): App\Controllers\BaseController->initController(Object(CodeIgniter\HTTP\IncomingRequest), Object(CodeIgniter\HTTP\Response), Object(CodeIgniter\Log\Logger))
 4 SYSTEMPATH\CodeIgniter.php(493): CodeIgniter\CodeIgniter->createController()
 5 SYSTEMPATH\CodeIgniter.php(361): CodeIgniter\CodeIgniter->handleRequest(null, Object(Config\Cache), false)
 6 FCPATH\index.php(79): CodeIgniter\CodeIgniter->run()
INFO - 2024-01-31 22:49:50 --> Session: Class initialized using 'CodeIgniter\Session\Handlers\FileHandler' driver.
WARNING - 2024-01-31 22:49:50 --> [DEPRECATED] Required parameter $valor2 follows optional parameter $valor1 in APPPATH\Helpers\usuarios_helper.php on line 2.
 1 SYSTEMPATH\Common.php(667): include_once()
 2 APPPATH\Controllers\BaseController.php(57): helper([...])
 3 SYSTEMPATH\CodeIgniter.php(915): App\Controllers\BaseController->initController(Object(CodeIgniter\HTTP\IncomingRequest), Object(CodeIgniter\HTTP\Response), Object(CodeIgniter\Log\Logger))
 4 SYSTEMPATH\CodeIgniter.php(493): CodeIgniter\CodeIgniter->createController()
 5 SYSTEMPATH\CodeIgniter.php(361): CodeIgniter\CodeIgniter->handleRequest(null, Object(Config\Cache), false)
 6 FCPATH\index.php(79): CodeIgniter\CodeIgniter->run()
INFO - 2024-01-31 22:49:53 --> Session: Class initialized using 'CodeIgniter\Session\Handlers\FileHandler' driver.
WARNING - 2024-01-31 22:49:53 --> [DEPRECATED] Required parameter $valor2 follows optional parameter $valor1 in APPPATH\Helpers\usuarios_helper.php on line 2.
 1 SYSTEMPATH\Common.php(667): include_once()
 2 APPPATH\Controllers\BaseController.php(57): helper([...])
 3 SYSTEMPATH\CodeIgniter.php(915): App\Controllers\BaseController->initController(Object(CodeIgniter\HTTP\IncomingRequest), Object(CodeIgniter\HTTP\Response), Object(CodeIgniter\Log\Logger))
 4 SYSTEMPATH\CodeIgniter.php(493): CodeIgniter\CodeIgniter->createController()
 5 SYSTEMPATH\CodeIgniter.php(361): CodeIgniter\CodeIgniter->handleRequest(null, Object(Config\Cache), false)
 6 FCPATH\index.php(79): CodeIgniter\CodeIgniter->run()
INFO - 2024-01-31 22:52:25 --> Session: Class initialized using 'CodeIgniter\Session\Handlers\FileHandler' driver.
WARNING - 2024-01-31 22:52:25 --> [DEPRECATED] Required parameter $valor2 follows optional parameter $valor1 in APPPATH\Helpers\usuarios_helper.php on line 2.
 1 SYSTEMPATH\Common.php(667): include_once()
 2 APPPATH\Controllers\BaseController.php(57): helper([...])
 3 SYSTEMPATH\CodeIgniter.php(915): App\Controllers\BaseController->initController(Object(CodeIgniter\HTTP\IncomingRequest), Object(CodeIgniter\HTTP\Response), Object(CodeIgniter\Log\Logger))
 4 SYSTEMPATH\CodeIgniter.php(493): CodeIgniter\CodeIgniter->createController()
 5 SYSTEMPATH\CodeIgniter.php(361): CodeIgniter\CodeIgniter->handleRequest(null, Object(Config\Cache), false)
 6 FCPATH\index.php(79): CodeIgniter\CodeIgniter->run()
INFO - 2024-01-31 22:53:18 --> Session: Class initialized using 'CodeIgniter\Session\Handlers\FileHandler' driver.
WARNING - 2024-01-31 22:53:18 --> [DEPRECATED] Required parameter $valor2 follows optional parameter $valor1 in APPPATH\Helpers\usuarios_helper.php on line 2.
 1 SYSTEMPATH\Common.php(667): include_once()
 2 APPPATH\Controllers\BaseController.php(57): helper([...])
 3 SYSTEMPATH\CodeIgniter.php(915): App\Controllers\BaseController->initController(Object(CodeIgniter\HTTP\IncomingRequest), Object(CodeIgniter\HTTP\Response), Object(CodeIgniter\Log\Logger))
 4 SYSTEMPATH\CodeIgniter.php(493): CodeIgniter\CodeIgniter->createController()
 5 SYSTEMPATH\CodeIgniter.php(361): CodeIgniter\CodeIgniter->handleRequest(null, Object(Config\Cache), false)
 6 FCPATH\index.php(79): CodeIgniter\CodeIgniter->run()
CRITICAL - 2024-01-31 22:53:18 --> FPDF error: Undefined font: helvetica-boldoblique I
in APPPATH\ThirdParty\fpdf.php on line 271.
 1 APPPATH\ThirdParty\fpdf.php(517): App\ThirdParty\FPDF->Error('Undefined font: helvetica-boldoblique I')
 2 APPPATH\Controllers\Registro.php(191): App\ThirdParty\FPDF->SetFont('helvetica-boldoblique', 'I', 13)
 3 SYSTEMPATH\CodeIgniter.php(942): App\Controllers\Registro->gafete('12')
 4 SYSTEMPATH\CodeIgniter.php(502): CodeIgniter\CodeIgniter->runController(Object(App\Controllers\Registro))
 5 SYSTEMPATH\CodeIgniter.php(361): CodeIgniter\CodeIgniter->handleRequest(null, Object(Config\Cache), false)
 6 FCPATH\index.php(79): CodeIgniter\CodeIgniter->run()
INFO - 2024-01-31 22:53:40 --> Session: Class initialized using 'CodeIgniter\Session\Handlers\FileHandler' driver.
WARNING - 2024-01-31 22:53:40 --> [DEPRECATED] Required parameter $valor2 follows optional parameter $valor1 in APPPATH\Helpers\usuarios_helper.php on line 2.
 1 SYSTEMPATH\Common.php(667): include_once()
 2 APPPATH\Controllers\BaseController.php(57): helper([...])
 3 SYSTEMPATH\CodeIgniter.php(915): App\Controllers\BaseController->initController(Object(CodeIgniter\HTTP\IncomingRequest), Object(CodeIgniter\HTTP\Response), Object(CodeIgniter\Log\Logger))
 4 SYSTEMPATH\CodeIgniter.php(493): CodeIgniter\CodeIgniter->createController()
 5 SYSTEMPATH\CodeIgniter.php(361): CodeIgniter\CodeIgniter->handleRequest(null, Object(Config\Cache), false)
 6 FCPATH\index.php(79): CodeIgniter\CodeIgniter->run()
CRITICAL - 2024-01-31 22:53:40 --> FPDF error: Undefined font: helvetica-oblique I
in APPPATH\ThirdParty\fpdf.php on line 271.
 1 APPPATH\ThirdParty\fpdf.php(517): App\ThirdParty\FPDF->Error('Undefined font: helvetica-oblique I')
 2 APPPATH\Controllers\Registro.php(191): App\ThirdParty\FPDF->SetFont('helvetica-oblique', 'I', 13)
 3 SYSTEMPATH\CodeIgniter.php(942): App\Controllers\Registro->gafete('12')
 4 SYSTEMPATH\CodeIgniter.php(502): CodeIgniter\CodeIgniter->runController(Object(App\Controllers\Registro))
 5 SYSTEMPATH\CodeIgniter.php(361): CodeIgniter\CodeIgniter->handleRequest(null, Object(Config\Cache), false)
 6 FCPATH\index.php(79): CodeIgniter\CodeIgniter->run()
INFO - 2024-01-31 22:54:02 --> Session: Class initialized using 'CodeIgniter\Session\Handlers\FileHandler' driver.
WARNING - 2024-01-31 22:54:03 --> [DEPRECATED] Required parameter $valor2 follows optional parameter $valor1 in APPPATH\Helpers\usuarios_helper.php on line 2.
 1 SYSTEMPATH\Common.php(667): include_once()
 2 APPPATH\Controllers\BaseController.php(57): helper([...])
 3 SYSTEMPATH\CodeIgniter.php(915): App\Controllers\BaseController->initController(Object(CodeIgniter\HTTP\IncomingRequest), Object(CodeIgniter\HTTP\Response), Object(CodeIgniter\Log\Logger))
 4 SYSTEMPATH\CodeIgniter.php(493): CodeIgniter\CodeIgniter->createController()
 5 SYSTEMPATH\CodeIgniter.php(361): CodeIgniter\CodeIgniter->handleRequest(null, Object(Config\Cache), false)
 6 FCPATH\index.php(79): CodeIgniter\CodeIgniter->run()
CRITICAL - 2024-01-31 22:54:03 --> FPDF error: Undefined font: courier-boldoblique I
in APPPATH\ThirdParty\fpdf.php on line 271.
 1 APPPATH\ThirdParty\fpdf.php(517): App\ThirdParty\FPDF->Error('Undefined font: courier-boldoblique I')
 2 APPPATH\Controllers\Registro.php(191): App\ThirdParty\FPDF->SetFont('courier-boldoblique', 'I', 13)
 3 SYSTEMPATH\CodeIgniter.php(942): App\Controllers\Registro->gafete('12')
 4 SYSTEMPATH\CodeIgniter.php(502): CodeIgniter\CodeIgniter->runController(Object(App\Controllers\Registro))
 5 SYSTEMPATH\CodeIgniter.php(361): CodeIgniter\CodeIgniter->handleRequest(null, Object(Config\Cache), false)
 6 FCPATH\index.php(79): CodeIgniter\CodeIgniter->run()
INFO - 2024-01-31 22:54:21 --> Session: Class initialized using 'CodeIgniter\Session\Handlers\FileHandler' driver.
WARNING - 2024-01-31 22:54:21 --> [DEPRECATED] Required parameter $valor2 follows optional parameter $valor1 in APPPATH\Helpers\usuarios_helper.php on line 2.
 1 SYSTEMPATH\Common.php(667): include_once()
 2 APPPATH\Controllers\BaseController.php(57): helper([...])
 3 SYSTEMPATH\CodeIgniter.php(915): App\Controllers\BaseController->initController(Object(CodeIgniter\HTTP\IncomingRequest), Object(CodeIgniter\HTTP\Response), Object(CodeIgniter\Log\Logger))
 4 SYSTEMPATH\CodeIgniter.php(493): CodeIgniter\CodeIgniter->createController()
 5 SYSTEMPATH\CodeIgniter.php(361): CodeIgniter\CodeIgniter->handleRequest(null, Object(Config\Cache), false)
 6 FCPATH\index.php(79): CodeIgniter\CodeIgniter->run()
INFO - 2024-01-31 22:54:23 --> Session: Class initialized using 'CodeIgniter\Session\Handlers\FileHandler' driver.
WARNING - 2024-01-31 22:54:23 --> [DEPRECATED] Required parameter $valor2 follows optional parameter $valor1 in APPPATH\Helpers\usuarios_helper.php on line 2.
 1 SYSTEMPATH\Common.php(667): include_once()
 2 APPPATH\Controllers\BaseController.php(57): helper([...])
 3 SYSTEMPATH\CodeIgniter.php(915): App\Controllers\BaseController->initController(Object(CodeIgniter\HTTP\IncomingRequest), Object(CodeIgniter\HTTP\Response), Object(CodeIgniter\Log\Logger))
 4 SYSTEMPATH\CodeIgniter.php(493): CodeIgniter\CodeIgniter->createController()
 5 SYSTEMPATH\CodeIgniter.php(361): CodeIgniter\CodeIgniter->handleRequest(null, Object(Config\Cache), false)
 6 FCPATH\index.php(79): CodeIgniter\CodeIgniter->run()
INFO - 2024-01-31 22:54:48 --> Session: Class initialized using 'CodeIgniter\Session\Handlers\FileHandler' driver.
WARNING - 2024-01-31 22:54:48 --> [DEPRECATED] Required parameter $valor2 follows optional parameter $valor1 in APPPATH\Helpers\usuarios_helper.php on line 2.
 1 SYSTEMPATH\Common.php(667): include_once()
 2 APPPATH\Controllers\BaseController.php(57): helper([...])
 3 SYSTEMPATH\CodeIgniter.php(915): App\Controllers\BaseController->initController(Object(CodeIgniter\HTTP\IncomingRequest), Object(CodeIgniter\HTTP\Response), Object(CodeIgniter\Log\Logger))
 4 SYSTEMPATH\CodeIgniter.php(493): CodeIgniter\CodeIgniter->createController()
 5 SYSTEMPATH\CodeIgniter.php(361): CodeIgniter\CodeIgniter->handleRequest(null, Object(Config\Cache), false)
 6 FCPATH\index.php(79): CodeIgniter\CodeIgniter->run()
INFO - 2024-01-31 22:55:09 --> Session: Class initialized using 'CodeIgniter\Session\Handlers\FileHandler' driver.
WARNING - 2024-01-31 22:55:09 --> [DEPRECATED] Required parameter $valor2 follows optional parameter $valor1 in APPPATH\Helpers\usuarios_helper.php on line 2.
 1 SYSTEMPATH\Common.php(667): include_once()
 2 APPPATH\Controllers\BaseController.php(57): helper([...])
 3 SYSTEMPATH\CodeIgniter.php(915): App\Controllers\BaseController->initController(Object(CodeIgniter\HTTP\IncomingRequest), Object(CodeIgniter\HTTP\Response), Object(CodeIgniter\Log\Logger))
 4 SYSTEMPATH\CodeIgniter.php(493): CodeIgniter\CodeIgniter->createController()
 5 SYSTEMPATH\CodeIgniter.php(361): CodeIgniter\CodeIgniter->handleRequest(null, Object(Config\Cache), false)
 6 FCPATH\index.php(79): CodeIgniter\CodeIgniter->run()
INFO - 2024-01-31 23:22:51 --> Session: Class initialized using 'CodeIgniter\Session\Handlers\FileHandler' driver.
WARNING - 2024-01-31 23:22:51 --> [DEPRECATED] Required parameter $valor2 follows optional parameter $valor1 in APPPATH\Helpers\usuarios_helper.php on line 2.
 1 SYSTEMPATH\Common.php(667): include_once()
 2 APPPATH\Controllers\BaseController.php(57): helper([...])
 3 SYSTEMPATH\CodeIgniter.php(915): App\Controllers\BaseController->initController(Object(CodeIgniter\HTTP\IncomingRequest), Object(CodeIgniter\HTTP\Response), Object(CodeIgniter\Log\Logger))
 4 SYSTEMPATH\CodeIgniter.php(493): CodeIgniter\CodeIgniter->createController()
 5 SYSTEMPATH\CodeIgniter.php(361): CodeIgniter\CodeIgniter->handleRequest(null, Object(Config\Cache), false)
 6 FCPATH\index.php(79): CodeIgniter\CodeIgniter->run()
CRITICAL - 2024-01-31 23:22:51 --> FPDF error: Undefined font: calibri B
in APPPATH\ThirdParty\fpdf.php on line 271.
 1 APPPATH\ThirdParty\fpdf.php(517): App\ThirdParty\FPDF->Error('Undefined font: calibri B')
 2 APPPATH\Controllers\Registro.php(184): App\ThirdParty\FPDF->SetFont('calibri', 'B', 30)
 3 SYSTEMPATH\CodeIgniter.php(942): App\Controllers\Registro->gafete('12')
 4 SYSTEMPATH\CodeIgniter.php(502): CodeIgniter\CodeIgniter->runController(Object(App\Controllers\Registro))
 5 SYSTEMPATH\CodeIgniter.php(361): CodeIgniter\CodeIgniter->handleRequest(null, Object(Config\Cache), false)
 6 FCPATH\index.php(79): CodeIgniter\CodeIgniter->run()
INFO - 2024-01-31 23:23:16 --> Session: Class initialized using 'CodeIgniter\Session\Handlers\FileHandler' driver.
WARNING - 2024-01-31 23:23:16 --> [DEPRECATED] Required parameter $valor2 follows optional parameter $valor1 in APPPATH\Helpers\usuarios_helper.php on line 2.
 1 SYSTEMPATH\Common.php(667): include_once()
 2 APPPATH\Controllers\BaseController.php(57): helper([...])
 3 SYSTEMPATH\CodeIgniter.php(915): App\Controllers\BaseController->initController(Object(CodeIgniter\HTTP\IncomingRequest), Object(CodeIgniter\HTTP\Response), Object(CodeIgniter\Log\Logger))
 4 SYSTEMPATH\CodeIgniter.php(493): CodeIgniter\CodeIgniter->createController()
 5 SYSTEMPATH\CodeIgniter.php(361): CodeIgniter\CodeIgniter->handleRequest(null, Object(Config\Cache), false)
 6 FCPATH\index.php(79): CodeIgniter\CodeIgniter->run()
