INFO - 2024-02-03 17:13:39 --> Session: Class initialized using 'CodeIgniter\Session\Handlers\FileHandler' driver.
INFO - 2024-02-03 17:13:39 --> Session: Class initialized using 'CodeIgniter\Session\Handlers\FileHandler' driver.
WARNING - 2024-02-03 17:13:39 --> [DEPRECATED] Required parameter $valor2 follows optional parameter $valor1 in APPPATH\Helpers\usuarios_helper.php on line 2.
 1 SYSTEMPATH\Common.php(667): include_once()
 2 APPPATH\Controllers\BaseController.php(57): helper([...])
 3 SYSTEMPATH\CodeIgniter.php(915): App\Controllers\BaseController->initController(Object(CodeIgniter\HTTP\IncomingRequest), Object(CodeIgniter\HTTP\Response), Object(CodeIgniter\Log\Logger))
 4 SYSTEMPATH\CodeIgniter.php(493): CodeIgniter\CodeIgniter->createController()
 5 SYSTEMPATH\CodeIgniter.php(361): CodeIgniter\CodeIgniter->handleRequest(null, Object(Config\Cache), false)
 6 FCPATH\index.php(79): CodeIgniter\CodeIgniter->run()
WARNING - 2024-02-03 17:14:05 --> [DEPRECATED] Required parameter $valor2 follows optional parameter $valor1 in APPPATH\Helpers\usuarios_helper.php on line 2.
 1 SYSTEMPATH\Common.php(667): include_once()
 2 APPPATH\Controllers\BaseController.php(57): helper([...])
 3 SYSTEMPATH\CodeIgniter.php(915): App\Controllers\BaseController->initController(Object(CodeIgniter\HTTP\IncomingRequest), Object(CodeIgniter\HTTP\Response), Object(CodeIgniter\Log\Logger))
 4 SYSTEMPATH\CodeIgniter.php(493): CodeIgniter\CodeIgniter->createController()
 5 SYSTEMPATH\CodeIgniter.php(361): CodeIgniter\CodeIgniter->handleRequest(null, Object(Config\Cache), false)
 6 FCPATH\index.php(79): CodeIgniter\CodeIgniter->run()
INFO - 2024-02-03 17:14:06 --> Session: Class initialized using 'CodeIgniter\Session\Handlers\FileHandler' driver.
INFO - 2024-02-03 17:14:06 --> Session: Class initialized using 'CodeIgniter\Session\Handlers\FileHandler' driver.
WARNING - 2024-02-03 17:14:06 --> [DEPRECATED] Required parameter $valor2 follows optional parameter $valor1 in APPPATH\Helpers\usuarios_helper.php on line 2.
 1 SYSTEMPATH\Common.php(667): include_once()
 2 APPPATH\Controllers\BaseController.php(57): helper([...])
 3 SYSTEMPATH\CodeIgniter.php(915): App\Controllers\BaseController->initController(Object(CodeIgniter\HTTP\IncomingRequest), Object(CodeIgniter\HTTP\Response), Object(CodeIgniter\Log\Logger))
 4 SYSTEMPATH\CodeIgniter.php(493): CodeIgniter\CodeIgniter->createController()
 5 SYSTEMPATH\CodeIgniter.php(361): CodeIgniter\CodeIgniter->handleRequest(null, Object(Config\Cache), false)
 6 FCPATH\index.php(79): CodeIgniter\CodeIgniter->run()
INFO - 2024-02-03 17:14:10 --> Session: Class initialized using 'CodeIgniter\Session\Handlers\FileHandler' driver.
WARNING - 2024-02-03 17:14:10 --> [DEPRECATED] Required parameter $valor2 follows optional parameter $valor1 in APPPATH\Helpers\usuarios_helper.php on line 2.
 1 SYSTEMPATH\Common.php(667): include_once()
 2 APPPATH\Controllers\BaseController.php(57): helper([...])
 3 SYSTEMPATH\CodeIgniter.php(915): App\Controllers\BaseController->initController(Object(CodeIgniter\HTTP\IncomingRequest), Object(CodeIgniter\HTTP\Response), Object(CodeIgniter\Log\Logger))
 4 SYSTEMPATH\CodeIgniter.php(493): CodeIgniter\CodeIgniter->createController()
 5 SYSTEMPATH\CodeIgniter.php(361): CodeIgniter\CodeIgniter->handleRequest(null, Object(Config\Cache), false)
 6 FCPATH\index.php(79): CodeIgniter\CodeIgniter->run()
INFO - 2024-02-03 17:14:15 --> Session: Class initialized using 'CodeIgniter\Session\Handlers\FileHandler' driver.
WARNING - 2024-02-03 17:14:15 --> [DEPRECATED] Required parameter $valor2 follows optional parameter $valor1 in APPPATH\Helpers\usuarios_helper.php on line 2.
 1 SYSTEMPATH\Common.php(667): include_once()
 2 APPPATH\Controllers\BaseController.php(57): helper([...])
 3 SYSTEMPATH\CodeIgniter.php(915): App\Controllers\BaseController->initController(Object(CodeIgniter\HTTP\IncomingRequest), Object(CodeIgniter\HTTP\Response), Object(CodeIgniter\Log\Logger))
 4 SYSTEMPATH\CodeIgniter.php(493): CodeIgniter\CodeIgniter->createController()
 5 SYSTEMPATH\CodeIgniter.php(361): CodeIgniter\CodeIgniter->handleRequest(null, Object(Config\Cache), false)
 6 FCPATH\index.php(79): CodeIgniter\CodeIgniter->run()
INFO - 2024-02-03 17:27:45 --> Session: Class initialized using 'CodeIgniter\Session\Handlers\FileHandler' driver.
WARNING - 2024-02-03 17:27:45 --> [DEPRECATED] Required parameter $valor2 follows optional parameter $valor1 in APPPATH\Helpers\usuarios_helper.php on line 2.
 1 SYSTEMPATH\Common.php(667): include_once()
 2 APPPATH\Controllers\BaseController.php(57): helper([...])
 3 SYSTEMPATH\CodeIgniter.php(915): App\Controllers\BaseController->initController(Object(CodeIgniter\HTTP\IncomingRequest), Object(CodeIgniter\HTTP\Response), Object(CodeIgniter\Log\Logger))
 4 SYSTEMPATH\CodeIgniter.php(493): CodeIgniter\CodeIgniter->createController()
 5 SYSTEMPATH\CodeIgniter.php(361): CodeIgniter\CodeIgniter->handleRequest(null, Object(Config\Cache), false)
 6 FCPATH\index.php(79): CodeIgniter\CodeIgniter->run()
INFO - 2024-02-03 17:30:56 --> Session: Class initialized using 'CodeIgniter\Session\Handlers\FileHandler' driver.
WARNING - 2024-02-03 17:30:57 --> [DEPRECATED] Required parameter $valor2 follows optional parameter $valor1 in APPPATH\Helpers\usuarios_helper.php on line 2.
 1 SYSTEMPATH\Common.php(667): include_once()
 2 APPPATH\Controllers\BaseController.php(57): helper([...])
 3 SYSTEMPATH\CodeIgniter.php(915): App\Controllers\BaseController->initController(Object(CodeIgniter\HTTP\IncomingRequest), Object(CodeIgniter\HTTP\Response), Object(CodeIgniter\Log\Logger))
 4 SYSTEMPATH\CodeIgniter.php(493): CodeIgniter\CodeIgniter->createController()
 5 SYSTEMPATH\CodeIgniter.php(361): CodeIgniter\CodeIgniter->handleRequest(null, Object(Config\Cache), false)
 6 FCPATH\index.php(79): CodeIgniter\CodeIgniter->run()
INFO - 2024-02-03 17:30:59 --> Session: Class initialized using 'CodeIgniter\Session\Handlers\FileHandler' driver.
WARNING - 2024-02-03 17:30:59 --> [DEPRECATED] Required parameter $valor2 follows optional parameter $valor1 in APPPATH\Helpers\usuarios_helper.php on line 2.
 1 SYSTEMPATH\Common.php(667): include_once()
 2 APPPATH\Controllers\BaseController.php(57): helper([...])
 3 SYSTEMPATH\CodeIgniter.php(915): App\Controllers\BaseController->initController(Object(CodeIgniter\HTTP\IncomingRequest), Object(CodeIgniter\HTTP\Response), Object(CodeIgniter\Log\Logger))
 4 SYSTEMPATH\CodeIgniter.php(493): CodeIgniter\CodeIgniter->createController()
 5 SYSTEMPATH\CodeIgniter.php(361): CodeIgniter\CodeIgniter->handleRequest(null, Object(Config\Cache), false)
 6 FCPATH\index.php(79): CodeIgniter\CodeIgniter->run()
INFO - 2024-02-03 17:31:52 --> Session: Class initialized using 'CodeIgniter\Session\Handlers\FileHandler' driver.
WARNING - 2024-02-03 17:31:52 --> [DEPRECATED] Required parameter $valor2 follows optional parameter $valor1 in APPPATH\Helpers\usuarios_helper.php on line 2.
 1 SYSTEMPATH\Common.php(667): include_once()
 2 APPPATH\Controllers\BaseController.php(57): helper([...])
 3 SYSTEMPATH\CodeIgniter.php(915): App\Controllers\BaseController->initController(Object(CodeIgniter\HTTP\IncomingRequest), Object(CodeIgniter\HTTP\Response), Object(CodeIgniter\Log\Logger))
 4 SYSTEMPATH\CodeIgniter.php(493): CodeIgniter\CodeIgniter->createController()
 5 SYSTEMPATH\CodeIgniter.php(361): CodeIgniter\CodeIgniter->handleRequest(null, Object(Config\Cache), false)
 6 FCPATH\index.php(79): CodeIgniter\CodeIgniter->run()
INFO - 2024-02-03 17:31:54 --> Session: Class initialized using 'CodeIgniter\Session\Handlers\FileHandler' driver.
WARNING - 2024-02-03 17:31:55 --> [DEPRECATED] Required parameter $valor2 follows optional parameter $valor1 in APPPATH\Helpers\usuarios_helper.php on line 2.
 1 SYSTEMPATH\Common.php(667): include_once()
 2 APPPATH\Controllers\BaseController.php(57): helper([...])
 3 SYSTEMPATH\CodeIgniter.php(915): App\Controllers\BaseController->initController(Object(CodeIgniter\HTTP\IncomingRequest), Object(CodeIgniter\HTTP\Response), Object(CodeIgniter\Log\Logger))
 4 SYSTEMPATH\CodeIgniter.php(493): CodeIgniter\CodeIgniter->createController()
 5 SYSTEMPATH\CodeIgniter.php(361): CodeIgniter\CodeIgniter->handleRequest(null, Object(Config\Cache), false)
 6 FCPATH\index.php(79): CodeIgniter\CodeIgniter->run()
INFO - 2024-02-03 17:31:56 --> Session: Class initialized using 'CodeIgniter\Session\Handlers\FileHandler' driver.
WARNING - 2024-02-03 17:31:56 --> [DEPRECATED] Required parameter $valor2 follows optional parameter $valor1 in APPPATH\Helpers\usuarios_helper.php on line 2.
 1 SYSTEMPATH\Common.php(667): include_once()
 2 APPPATH\Controllers\BaseController.php(57): helper([...])
 3 SYSTEMPATH\CodeIgniter.php(915): App\Controllers\BaseController->initController(Object(CodeIgniter\HTTP\IncomingRequest), Object(CodeIgniter\HTTP\Response), Object(CodeIgniter\Log\Logger))
 4 SYSTEMPATH\CodeIgniter.php(493): CodeIgniter\CodeIgniter->createController()
 5 SYSTEMPATH\CodeIgniter.php(361): CodeIgniter\CodeIgniter->handleRequest(null, Object(Config\Cache), false)
 6 FCPATH\index.php(79): CodeIgniter\CodeIgniter->run()
CRITICAL - 2024-02-03 17:31:56 --> Trying to access array offset on value of type null
in APPPATH\Views\usuarios\formulario_edita_contrasena.php on line 5.
 1 APPPATH\Views\usuarios\formulario_edita_contrasena.php(5): CodeIgniter\Debug\Exceptions->errorHandler(2, 'Trying to access array offset on value of type null', 'C:\\xampp\\htdocs\\codeigniter\\app\\Views\\usuarios\\formulario_edita_contrasena.php', 5)
 2 SYSTEMPATH\View\View.php(228): include('C:\\xampp\\htdocs\\codeigniter\\app\\Views\\usuarios\\formulario_edita_contrasena.php')
 3 SYSTEMPATH\View\View.php(231): CodeIgniter\View\View->CodeIgniter\View\{closure}()
 4 SYSTEMPATH\Common.php(1190): CodeIgniter\View\View->render('usuarios/formulario_edita_contrasena', [], true)
 5 APPPATH\Controllers\Usuarios.php(101): view('usuarios/formulario_edita_contrasena', [...])
 6 SYSTEMPATH\CodeIgniter.php(942): App\Controllers\Usuarios->contrasena('2')
 7 SYSTEMPATH\CodeIgniter.php(502): CodeIgniter\CodeIgniter->runController(Object(App\Controllers\Usuarios))
 8 SYSTEMPATH\CodeIgniter.php(361): CodeIgniter\CodeIgniter->handleRequest(null, Object(Config\Cache), false)
 9 FCPATH\index.php(79): CodeIgniter\CodeIgniter->run()
INFO - 2024-02-03 17:31:59 --> Session: Class initialized using 'CodeIgniter\Session\Handlers\FileHandler' driver.
WARNING - 2024-02-03 17:31:59 --> [DEPRECATED] Required parameter $valor2 follows optional parameter $valor1 in APPPATH\Helpers\usuarios_helper.php on line 2.
 1 SYSTEMPATH\Common.php(667): include_once()
 2 APPPATH\Controllers\BaseController.php(57): helper([...])
 3 SYSTEMPATH\CodeIgniter.php(915): App\Controllers\BaseController->initController(Object(CodeIgniter\HTTP\IncomingRequest), Object(CodeIgniter\HTTP\Response), Object(CodeIgniter\Log\Logger))
 4 SYSTEMPATH\CodeIgniter.php(493): CodeIgniter\CodeIgniter->createController()
 5 SYSTEMPATH\CodeIgniter.php(361): CodeIgniter\CodeIgniter->handleRequest(null, Object(Config\Cache), false)
 6 FCPATH\index.php(79): CodeIgniter\CodeIgniter->run()
INFO - 2024-02-03 17:32:20 --> Session: Class initialized using 'CodeIgniter\Session\Handlers\FileHandler' driver.
WARNING - 2024-02-03 17:32:20 --> [DEPRECATED] Required parameter $valor2 follows optional parameter $valor1 in APPPATH\Helpers\usuarios_helper.php on line 2.
 1 SYSTEMPATH\Common.php(667): include_once()
 2 APPPATH\Controllers\BaseController.php(57): helper([...])
 3 SYSTEMPATH\CodeIgniter.php(915): App\Controllers\BaseController->initController(Object(CodeIgniter\HTTP\IncomingRequest), Object(CodeIgniter\HTTP\Response), Object(CodeIgniter\Log\Logger))
 4 SYSTEMPATH\CodeIgniter.php(493): CodeIgniter\CodeIgniter->createController()
 5 SYSTEMPATH\CodeIgniter.php(361): CodeIgniter\CodeIgniter->handleRequest(null, Object(Config\Cache), false)
 6 FCPATH\index.php(79): CodeIgniter\CodeIgniter->run()
CRITICAL - 2024-02-03 17:32:20 --> Trying to access array offset on value of type null
in APPPATH\Views\usuarios\formulario_edita_contrasena.php on line 5.
 1 APPPATH\Views\usuarios\formulario_edita_contrasena.php(5): CodeIgniter\Debug\Exceptions->errorHandler(2, 'Trying to access array offset on value of type null', 'C:\\xampp\\htdocs\\codeigniter\\app\\Views\\usuarios\\formulario_edita_contrasena.php', 5)
 2 SYSTEMPATH\View\View.php(228): include('C:\\xampp\\htdocs\\codeigniter\\app\\Views\\usuarios\\formulario_edita_contrasena.php')
 3 SYSTEMPATH\View\View.php(231): CodeIgniter\View\View->CodeIgniter\View\{closure}()
 4 SYSTEMPATH\Common.php(1190): CodeIgniter\View\View->render('usuarios/formulario_edita_contrasena', [], true)
 5 APPPATH\Controllers\Usuarios.php(101): view('usuarios/formulario_edita_contrasena', [...])
 6 SYSTEMPATH\CodeIgniter.php(942): App\Controllers\Usuarios->contrasena('2')
 7 SYSTEMPATH\CodeIgniter.php(502): CodeIgniter\CodeIgniter->runController(Object(App\Controllers\Usuarios))
 8 SYSTEMPATH\CodeIgniter.php(361): CodeIgniter\CodeIgniter->handleRequest(null, Object(Config\Cache), false)
 9 FCPATH\index.php(79): CodeIgniter\CodeIgniter->run()
INFO - 2024-02-03 17:49:39 --> Session: Class initialized using 'CodeIgniter\Session\Handlers\FileHandler' driver.
WARNING - 2024-02-03 17:49:39 --> [DEPRECATED] Required parameter $valor2 follows optional parameter $valor1 in APPPATH\Helpers\usuarios_helper.php on line 2.
 1 SYSTEMPATH\Common.php(667): include_once()
 2 APPPATH\Controllers\BaseController.php(57): helper([...])
 3 SYSTEMPATH\CodeIgniter.php(915): App\Controllers\BaseController->initController(Object(CodeIgniter\HTTP\IncomingRequest), Object(CodeIgniter\HTTP\Response), Object(CodeIgniter\Log\Logger))
 4 SYSTEMPATH\CodeIgniter.php(493): CodeIgniter\CodeIgniter->createController()
 5 SYSTEMPATH\CodeIgniter.php(361): CodeIgniter\CodeIgniter->handleRequest(null, Object(Config\Cache), false)
 6 FCPATH\index.php(79): CodeIgniter\CodeIgniter->run()
INFO - 2024-02-03 17:49:43 --> Session: Class initialized using 'CodeIgniter\Session\Handlers\FileHandler' driver.
WARNING - 2024-02-03 17:49:43 --> [DEPRECATED] Required parameter $valor2 follows optional parameter $valor1 in APPPATH\Helpers\usuarios_helper.php on line 2.
 1 SYSTEMPATH\Common.php(667): include_once()
 2 APPPATH\Controllers\BaseController.php(57): helper([...])
 3 SYSTEMPATH\CodeIgniter.php(915): App\Controllers\BaseController->initController(Object(CodeIgniter\HTTP\IncomingRequest), Object(CodeIgniter\HTTP\Response), Object(CodeIgniter\Log\Logger))
 4 SYSTEMPATH\CodeIgniter.php(493): CodeIgniter\CodeIgniter->createController()
 5 SYSTEMPATH\CodeIgniter.php(361): CodeIgniter\CodeIgniter->handleRequest(null, Object(Config\Cache), false)
 6 FCPATH\index.php(79): CodeIgniter\CodeIgniter->run()
CRITICAL - 2024-02-03 17:49:43 --> Trying to access array offset on value of type null
in APPPATH\Views\usuarios\formulario_edita_contrasena.php on line 5.
 1 APPPATH\Views\usuarios\formulario_edita_contrasena.php(5): CodeIgniter\Debug\Exceptions->errorHandler(2, 'Trying to access array offset on value of type null', 'C:\\xampp\\htdocs\\codeigniter\\app\\Views\\usuarios\\formulario_edita_contrasena.php', 5)
 2 SYSTEMPATH\View\View.php(228): include('C:\\xampp\\htdocs\\codeigniter\\app\\Views\\usuarios\\formulario_edita_contrasena.php')
 3 SYSTEMPATH\View\View.php(231): CodeIgniter\View\View->CodeIgniter\View\{closure}()
 4 SYSTEMPATH\Common.php(1190): CodeIgniter\View\View->render('usuarios/formulario_edita_contrasena', [], true)
 5 APPPATH\Controllers\Usuarios.php(101): view('usuarios/formulario_edita_contrasena', [...])
 6 SYSTEMPATH\CodeIgniter.php(942): App\Controllers\Usuarios->contrasena('2')
 7 SYSTEMPATH\CodeIgniter.php(502): CodeIgniter\CodeIgniter->runController(Object(App\Controllers\Usuarios))
 8 SYSTEMPATH\CodeIgniter.php(361): CodeIgniter\CodeIgniter->handleRequest(null, Object(Config\Cache), false)
 9 FCPATH\index.php(79): CodeIgniter\CodeIgniter->run()
INFO - 2024-02-03 17:50:30 --> Session: Class initialized using 'CodeIgniter\Session\Handlers\FileHandler' driver.
WARNING - 2024-02-03 17:50:30 --> [DEPRECATED] Required parameter $valor2 follows optional parameter $valor1 in APPPATH\Helpers\usuarios_helper.php on line 2.
 1 SYSTEMPATH\Common.php(667): include_once()
 2 APPPATH\Controllers\BaseController.php(57): helper([...])
 3 SYSTEMPATH\CodeIgniter.php(915): App\Controllers\BaseController->initController(Object(CodeIgniter\HTTP\IncomingRequest), Object(CodeIgniter\HTTP\Response), Object(CodeIgniter\Log\Logger))
 4 SYSTEMPATH\CodeIgniter.php(493): CodeIgniter\CodeIgniter->createController()
 5 SYSTEMPATH\CodeIgniter.php(361): CodeIgniter\CodeIgniter->handleRequest(null, Object(Config\Cache), false)
 6 FCPATH\index.php(79): CodeIgniter\CodeIgniter->run()
CRITICAL - 2024-02-03 17:50:30 --> Trying to access array offset on value of type null
in APPPATH\Views\usuarios\formulario_edita_contrasena.php on line 5.
 1 APPPATH\Views\usuarios\formulario_edita_contrasena.php(5): CodeIgniter\Debug\Exceptions->errorHandler(2, 'Trying to access array offset on value of type null', 'C:\\xampp\\htdocs\\codeigniter\\app\\Views\\usuarios\\formulario_edita_contrasena.php', 5)
 2 SYSTEMPATH\View\View.php(228): include('C:\\xampp\\htdocs\\codeigniter\\app\\Views\\usuarios\\formulario_edita_contrasena.php')
 3 SYSTEMPATH\View\View.php(231): CodeIgniter\View\View->CodeIgniter\View\{closure}()
 4 SYSTEMPATH\Common.php(1190): CodeIgniter\View\View->render('usuarios/formulario_edita_contrasena', [], true)
 5 APPPATH\Controllers\Usuarios.php(101): view('usuarios/formulario_edita_contrasena', [...])
 6 SYSTEMPATH\CodeIgniter.php(942): App\Controllers\Usuarios->contrasena('2')
 7 SYSTEMPATH\CodeIgniter.php(502): CodeIgniter\CodeIgniter->runController(Object(App\Controllers\Usuarios))
 8 SYSTEMPATH\CodeIgniter.php(361): CodeIgniter\CodeIgniter->handleRequest(null, Object(Config\Cache), false)
 9 FCPATH\index.php(79): CodeIgniter\CodeIgniter->run()
INFO - 2024-02-03 17:51:15 --> Session: Class initialized using 'CodeIgniter\Session\Handlers\FileHandler' driver.
WARNING - 2024-02-03 17:51:15 --> [DEPRECATED] Required parameter $valor2 follows optional parameter $valor1 in APPPATH\Helpers\usuarios_helper.php on line 2.
 1 SYSTEMPATH\Common.php(667): include_once()
 2 APPPATH\Controllers\BaseController.php(57): helper([...])
 3 SYSTEMPATH\CodeIgniter.php(915): App\Controllers\BaseController->initController(Object(CodeIgniter\HTTP\IncomingRequest), Object(CodeIgniter\HTTP\Response), Object(CodeIgniter\Log\Logger))
 4 SYSTEMPATH\CodeIgniter.php(493): CodeIgniter\CodeIgniter->createController()
 5 SYSTEMPATH\CodeIgniter.php(361): CodeIgniter\CodeIgniter->handleRequest(null, Object(Config\Cache), false)
 6 FCPATH\index.php(79): CodeIgniter\CodeIgniter->run()
CRITICAL - 2024-02-03 17:51:15 --> Trying to access array offset on value of type null
in APPPATH\Views\usuarios\formulario_edita_contrasena.php on line 5.
 1 APPPATH\Views\usuarios\formulario_edita_contrasena.php(5): CodeIgniter\Debug\Exceptions->errorHandler(2, 'Trying to access array offset on value of type null', 'C:\\xampp\\htdocs\\codeigniter\\app\\Views\\usuarios\\formulario_edita_contrasena.php', 5)
 2 SYSTEMPATH\View\View.php(228): include('C:\\xampp\\htdocs\\codeigniter\\app\\Views\\usuarios\\formulario_edita_contrasena.php')
 3 SYSTEMPATH\View\View.php(231): CodeIgniter\View\View->CodeIgniter\View\{closure}()
 4 SYSTEMPATH\Common.php(1190): CodeIgniter\View\View->render('usuarios/formulario_edita_contrasena', [], true)
 5 APPPATH\Controllers\Usuarios.php(101): view('usuarios/formulario_edita_contrasena', [...])
 6 SYSTEMPATH\CodeIgniter.php(942): App\Controllers\Usuarios->contrasena('2')
 7 SYSTEMPATH\CodeIgniter.php(502): CodeIgniter\CodeIgniter->runController(Object(App\Controllers\Usuarios))
 8 SYSTEMPATH\CodeIgniter.php(361): CodeIgniter\CodeIgniter->handleRequest(null, Object(Config\Cache), false)
 9 FCPATH\index.php(79): CodeIgniter\CodeIgniter->run()
INFO - 2024-02-03 18:35:08 --> Session: Class initialized using 'CodeIgniter\Session\Handlers\FileHandler' driver.
WARNING - 2024-02-03 18:35:09 --> [DEPRECATED] Required parameter $valor2 follows optional parameter $valor1 in APPPATH\Helpers\usuarios_helper.php on line 2.
 1 SYSTEMPATH\Common.php(667): include_once()
 2 APPPATH\Controllers\BaseController.php(57): helper([...])
 3 SYSTEMPATH\CodeIgniter.php(915): App\Controllers\BaseController->initController(Object(CodeIgniter\HTTP\IncomingRequest), Object(CodeIgniter\HTTP\Response), Object(CodeIgniter\Log\Logger))
 4 SYSTEMPATH\CodeIgniter.php(493): CodeIgniter\CodeIgniter->createController()
 5 SYSTEMPATH\CodeIgniter.php(361): CodeIgniter\CodeIgniter->handleRequest(null, Object(Config\Cache), false)
 6 FCPATH\index.php(79): CodeIgniter\CodeIgniter->run()
INFO - 2024-02-03 18:35:13 --> Session: Class initialized using 'CodeIgniter\Session\Handlers\FileHandler' driver.
WARNING - 2024-02-03 18:35:13 --> [DEPRECATED] Required parameter $valor2 follows optional parameter $valor1 in APPPATH\Helpers\usuarios_helper.php on line 2.
 1 SYSTEMPATH\Common.php(667): include_once()
 2 APPPATH\Controllers\BaseController.php(57): helper([...])
 3 SYSTEMPATH\CodeIgniter.php(915): App\Controllers\BaseController->initController(Object(CodeIgniter\HTTP\IncomingRequest), Object(CodeIgniter\HTTP\Response), Object(CodeIgniter\Log\Logger))
 4 SYSTEMPATH\CodeIgniter.php(493): CodeIgniter\CodeIgniter->createController()
 5 SYSTEMPATH\CodeIgniter.php(361): CodeIgniter\CodeIgniter->handleRequest(null, Object(Config\Cache), false)
 6 FCPATH\index.php(79): CodeIgniter\CodeIgniter->run()
INFO - 2024-02-03 18:35:15 --> Session: Class initialized using 'CodeIgniter\Session\Handlers\FileHandler' driver.
WARNING - 2024-02-03 18:35:15 --> [DEPRECATED] Required parameter $valor2 follows optional parameter $valor1 in APPPATH\Helpers\usuarios_helper.php on line 2.
 1 SYSTEMPATH\Common.php(667): include_once()
 2 APPPATH\Controllers\BaseController.php(57): helper([...])
 3 SYSTEMPATH\CodeIgniter.php(915): App\Controllers\BaseController->initController(Object(CodeIgniter\HTTP\IncomingRequest), Object(CodeIgniter\HTTP\Response), Object(CodeIgniter\Log\Logger))
 4 SYSTEMPATH\CodeIgniter.php(493): CodeIgniter\CodeIgniter->createController()
 5 SYSTEMPATH\CodeIgniter.php(361): CodeIgniter\CodeIgniter->handleRequest(null, Object(Config\Cache), false)
 6 FCPATH\index.php(79): CodeIgniter\CodeIgniter->run()
INFO - 2024-02-03 18:35:19 --> Session: Class initialized using 'CodeIgniter\Session\Handlers\FileHandler' driver.
WARNING - 2024-02-03 18:35:19 --> [DEPRECATED] Required parameter $valor2 follows optional parameter $valor1 in APPPATH\Helpers\usuarios_helper.php on line 2.
 1 SYSTEMPATH\Common.php(667): include_once()
 2 APPPATH\Controllers\BaseController.php(57): helper([...])
 3 SYSTEMPATH\CodeIgniter.php(915): App\Controllers\BaseController->initController(Object(CodeIgniter\HTTP\IncomingRequest), Object(CodeIgniter\HTTP\Response), Object(CodeIgniter\Log\Logger))
 4 SYSTEMPATH\CodeIgniter.php(493): CodeIgniter\CodeIgniter->createController()
 5 SYSTEMPATH\CodeIgniter.php(361): CodeIgniter\CodeIgniter->handleRequest(null, Object(Config\Cache), false)
 6 FCPATH\index.php(79): CodeIgniter\CodeIgniter->run()
CRITICAL - 2024-02-03 18:35:19 --> Trying to access array offset on value of type null
in APPPATH\Views\usuarios\formulario_edita_contrasena.php on line 5.
 1 APPPATH\Views\usuarios\formulario_edita_contrasena.php(5): CodeIgniter\Debug\Exceptions->errorHandler(2, 'Trying to access array offset on value of type null', 'C:\\xampp\\htdocs\\codeigniter\\app\\Views\\usuarios\\formulario_edita_contrasena.php', 5)
 2 SYSTEMPATH\View\View.php(228): include('C:\\xampp\\htdocs\\codeigniter\\app\\Views\\usuarios\\formulario_edita_contrasena.php')
 3 SYSTEMPATH\View\View.php(231): CodeIgniter\View\View->CodeIgniter\View\{closure}()
 4 SYSTEMPATH\Common.php(1190): CodeIgniter\View\View->render('usuarios/formulario_edita_contrasena', [], true)
 5 APPPATH\Controllers\Usuarios.php(101): view('usuarios/formulario_edita_contrasena', [...])
 6 SYSTEMPATH\CodeIgniter.php(942): App\Controllers\Usuarios->contrasena('2')
 7 SYSTEMPATH\CodeIgniter.php(502): CodeIgniter\CodeIgniter->runController(Object(App\Controllers\Usuarios))
 8 SYSTEMPATH\CodeIgniter.php(361): CodeIgniter\CodeIgniter->handleRequest(null, Object(Config\Cache), false)
 9 FCPATH\index.php(79): CodeIgniter\CodeIgniter->run()
INFO - 2024-02-03 18:35:26 --> Session: Class initialized using 'CodeIgniter\Session\Handlers\FileHandler' driver.
WARNING - 2024-02-03 18:35:26 --> [DEPRECATED] Required parameter $valor2 follows optional parameter $valor1 in APPPATH\Helpers\usuarios_helper.php on line 2.
 1 SYSTEMPATH\Common.php(667): include_once()
 2 APPPATH\Controllers\BaseController.php(57): helper([...])
 3 SYSTEMPATH\CodeIgniter.php(915): App\Controllers\BaseController->initController(Object(CodeIgniter\HTTP\IncomingRequest), Object(CodeIgniter\HTTP\Response), Object(CodeIgniter\Log\Logger))
 4 SYSTEMPATH\CodeIgniter.php(493): CodeIgniter\CodeIgniter->createController()
 5 SYSTEMPATH\CodeIgniter.php(361): CodeIgniter\CodeIgniter->handleRequest(null, Object(Config\Cache), false)
 6 FCPATH\index.php(79): CodeIgniter\CodeIgniter->run()
INFO - 2024-02-03 18:35:33 --> Session: Class initialized using 'CodeIgniter\Session\Handlers\FileHandler' driver.
WARNING - 2024-02-03 18:35:33 --> [DEPRECATED] Required parameter $valor2 follows optional parameter $valor1 in APPPATH\Helpers\usuarios_helper.php on line 2.
 1 SYSTEMPATH\Common.php(667): include_once()
 2 APPPATH\Controllers\BaseController.php(57): helper([...])
 3 SYSTEMPATH\CodeIgniter.php(915): App\Controllers\BaseController->initController(Object(CodeIgniter\HTTP\IncomingRequest), Object(CodeIgniter\HTTP\Response), Object(CodeIgniter\Log\Logger))
 4 SYSTEMPATH\CodeIgniter.php(493): CodeIgniter\CodeIgniter->createController()
 5 SYSTEMPATH\CodeIgniter.php(361): CodeIgniter\CodeIgniter->handleRequest(null, Object(Config\Cache), false)
 6 FCPATH\index.php(79): CodeIgniter\CodeIgniter->run()
INFO - 2024-02-03 18:35:37 --> Session: Class initialized using 'CodeIgniter\Session\Handlers\FileHandler' driver.
WARNING - 2024-02-03 18:35:37 --> [DEPRECATED] Required parameter $valor2 follows optional parameter $valor1 in APPPATH\Helpers\usuarios_helper.php on line 2.
 1 SYSTEMPATH\Common.php(667): include_once()
 2 APPPATH\Controllers\BaseController.php(57): helper([...])
 3 SYSTEMPATH\CodeIgniter.php(915): App\Controllers\BaseController->initController(Object(CodeIgniter\HTTP\IncomingRequest), Object(CodeIgniter\HTTP\Response), Object(CodeIgniter\Log\Logger))
 4 SYSTEMPATH\CodeIgniter.php(493): CodeIgniter\CodeIgniter->createController()
 5 SYSTEMPATH\CodeIgniter.php(361): CodeIgniter\CodeIgniter->handleRequest(null, Object(Config\Cache), false)
 6 FCPATH\index.php(79): CodeIgniter\CodeIgniter->run()
CRITICAL - 2024-02-03 18:35:37 --> Trying to access array offset on value of type null
in APPPATH\Views\usuarios\formulario_edita_contrasena.php on line 5.
 1 APPPATH\Views\usuarios\formulario_edita_contrasena.php(5): CodeIgniter\Debug\Exceptions->errorHandler(2, 'Trying to access array offset on value of type null', 'C:\\xampp\\htdocs\\codeigniter\\app\\Views\\usuarios\\formulario_edita_contrasena.php', 5)
 2 SYSTEMPATH\View\View.php(228): include('C:\\xampp\\htdocs\\codeigniter\\app\\Views\\usuarios\\formulario_edita_contrasena.php')
 3 SYSTEMPATH\View\View.php(231): CodeIgniter\View\View->CodeIgniter\View\{closure}()
 4 SYSTEMPATH\Common.php(1190): CodeIgniter\View\View->render('usuarios/formulario_edita_contrasena', [], true)
 5 APPPATH\Controllers\Usuarios.php(101): view('usuarios/formulario_edita_contrasena', [...])
 6 SYSTEMPATH\CodeIgniter.php(942): App\Controllers\Usuarios->contrasena('2')
 7 SYSTEMPATH\CodeIgniter.php(502): CodeIgniter\CodeIgniter->runController(Object(App\Controllers\Usuarios))
 8 SYSTEMPATH\CodeIgniter.php(361): CodeIgniter\CodeIgniter->handleRequest(null, Object(Config\Cache), false)
 9 FCPATH\index.php(79): CodeIgniter\CodeIgniter->run()
INFO - 2024-02-03 18:38:54 --> Session: Class initialized using 'CodeIgniter\Session\Handlers\FileHandler' driver.
WARNING - 2024-02-03 18:38:54 --> [DEPRECATED] Required parameter $valor2 follows optional parameter $valor1 in APPPATH\Helpers\usuarios_helper.php on line 2.
 1 SYSTEMPATH\Common.php(667): include_once()
 2 APPPATH\Controllers\BaseController.php(57): helper([...])
 3 SYSTEMPATH\CodeIgniter.php(915): App\Controllers\BaseController->initController(Object(CodeIgniter\HTTP\IncomingRequest), Object(CodeIgniter\HTTP\Response), Object(CodeIgniter\Log\Logger))
 4 SYSTEMPATH\CodeIgniter.php(493): CodeIgniter\CodeIgniter->createController()
 5 SYSTEMPATH\CodeIgniter.php(361): CodeIgniter\CodeIgniter->handleRequest(null, Object(Config\Cache), false)
 6 FCPATH\index.php(79): CodeIgniter\CodeIgniter->run()
INFO - 2024-02-03 18:41:41 --> Session: Class initialized using 'CodeIgniter\Session\Handlers\FileHandler' driver.
WARNING - 2024-02-03 18:41:41 --> [DEPRECATED] Required parameter $valor2 follows optional parameter $valor1 in APPPATH\Helpers\usuarios_helper.php on line 2.
 1 SYSTEMPATH\Common.php(667): include_once()
 2 APPPATH\Controllers\BaseController.php(57): helper([...])
 3 SYSTEMPATH\CodeIgniter.php(915): App\Controllers\BaseController->initController(Object(CodeIgniter\HTTP\IncomingRequest), Object(CodeIgniter\HTTP\Response), Object(CodeIgniter\Log\Logger))
 4 SYSTEMPATH\CodeIgniter.php(493): CodeIgniter\CodeIgniter->createController()
 5 SYSTEMPATH\CodeIgniter.php(361): CodeIgniter\CodeIgniter->handleRequest(null, Object(Config\Cache), false)
 6 FCPATH\index.php(79): CodeIgniter\CodeIgniter->run()
INFO - 2024-02-03 18:41:44 --> Session: Class initialized using 'CodeIgniter\Session\Handlers\FileHandler' driver.
WARNING - 2024-02-03 18:41:44 --> [DEPRECATED] Required parameter $valor2 follows optional parameter $valor1 in APPPATH\Helpers\usuarios_helper.php on line 2.
 1 SYSTEMPATH\Common.php(667): include_once()
 2 APPPATH\Controllers\BaseController.php(57): helper([...])
 3 SYSTEMPATH\CodeIgniter.php(915): App\Controllers\BaseController->initController(Object(CodeIgniter\HTTP\IncomingRequest), Object(CodeIgniter\HTTP\Response), Object(CodeIgniter\Log\Logger))
 4 SYSTEMPATH\CodeIgniter.php(493): CodeIgniter\CodeIgniter->createController()
 5 SYSTEMPATH\CodeIgniter.php(361): CodeIgniter\CodeIgniter->handleRequest(null, Object(Config\Cache), false)
 6 FCPATH\index.php(79): CodeIgniter\CodeIgniter->run()
INFO - 2024-02-03 18:42:11 --> Session: Class initialized using 'CodeIgniter\Session\Handlers\FileHandler' driver.
WARNING - 2024-02-03 18:42:11 --> [DEPRECATED] Required parameter $valor2 follows optional parameter $valor1 in APPPATH\Helpers\usuarios_helper.php on line 2.
 1 SYSTEMPATH\Common.php(667): include_once()
 2 APPPATH\Controllers\BaseController.php(57): helper([...])
 3 SYSTEMPATH\CodeIgniter.php(915): App\Controllers\BaseController->initController(Object(CodeIgniter\HTTP\IncomingRequest), Object(CodeIgniter\HTTP\Response), Object(CodeIgniter\Log\Logger))
 4 SYSTEMPATH\CodeIgniter.php(493): CodeIgniter\CodeIgniter->createController()
 5 SYSTEMPATH\CodeIgniter.php(361): CodeIgniter\CodeIgniter->handleRequest(null, Object(Config\Cache), false)
 6 FCPATH\index.php(79): CodeIgniter\CodeIgniter->run()
INFO - 2024-02-03 18:43:04 --> Session: Class initialized using 'CodeIgniter\Session\Handlers\FileHandler' driver.
WARNING - 2024-02-03 18:43:04 --> [DEPRECATED] Required parameter $valor2 follows optional parameter $valor1 in APPPATH\Helpers\usuarios_helper.php on line 2.
 1 SYSTEMPATH\Common.php(667): include_once()
 2 APPPATH\Controllers\BaseController.php(57): helper([...])
 3 SYSTEMPATH\CodeIgniter.php(915): App\Controllers\BaseController->initController(Object(CodeIgniter\HTTP\IncomingRequest), Object(CodeIgniter\HTTP\Response), Object(CodeIgniter\Log\Logger))
 4 SYSTEMPATH\CodeIgniter.php(493): CodeIgniter\CodeIgniter->createController()
 5 SYSTEMPATH\CodeIgniter.php(361): CodeIgniter\CodeIgniter->handleRequest(null, Object(Config\Cache), false)
 6 FCPATH\index.php(79): CodeIgniter\CodeIgniter->run()
INFO - 2024-02-03 18:43:07 --> Session: Class initialized using 'CodeIgniter\Session\Handlers\FileHandler' driver.
WARNING - 2024-02-03 18:43:07 --> [DEPRECATED] Required parameter $valor2 follows optional parameter $valor1 in APPPATH\Helpers\usuarios_helper.php on line 2.
 1 SYSTEMPATH\Common.php(667): include_once()
 2 APPPATH\Controllers\BaseController.php(57): helper([...])
 3 SYSTEMPATH\CodeIgniter.php(915): App\Controllers\BaseController->initController(Object(CodeIgniter\HTTP\IncomingRequest), Object(CodeIgniter\HTTP\Response), Object(CodeIgniter\Log\Logger))
 4 SYSTEMPATH\CodeIgniter.php(493): CodeIgniter\CodeIgniter->createController()
 5 SYSTEMPATH\CodeIgniter.php(361): CodeIgniter\CodeIgniter->handleRequest(null, Object(Config\Cache), false)
 6 FCPATH\index.php(79): CodeIgniter\CodeIgniter->run()
INFO - 2024-02-03 18:43:09 --> Session: Class initialized using 'CodeIgniter\Session\Handlers\FileHandler' driver.
WARNING - 2024-02-03 18:43:09 --> [DEPRECATED] Required parameter $valor2 follows optional parameter $valor1 in APPPATH\Helpers\usuarios_helper.php on line 2.
 1 SYSTEMPATH\Common.php(667): include_once()
 2 APPPATH\Controllers\BaseController.php(57): helper([...])
 3 SYSTEMPATH\CodeIgniter.php(915): App\Controllers\BaseController->initController(Object(CodeIgniter\HTTP\IncomingRequest), Object(CodeIgniter\HTTP\Response), Object(CodeIgniter\Log\Logger))
 4 SYSTEMPATH\CodeIgniter.php(493): CodeIgniter\CodeIgniter->createController()
 5 SYSTEMPATH\CodeIgniter.php(361): CodeIgniter\CodeIgniter->handleRequest(null, Object(Config\Cache), false)
 6 FCPATH\index.php(79): CodeIgniter\CodeIgniter->run()
INFO - 2024-02-03 18:43:11 --> Session: Class initialized using 'CodeIgniter\Session\Handlers\FileHandler' driver.
WARNING - 2024-02-03 18:43:11 --> [DEPRECATED] Required parameter $valor2 follows optional parameter $valor1 in APPPATH\Helpers\usuarios_helper.php on line 2.
 1 SYSTEMPATH\Common.php(667): include_once()
 2 APPPATH\Controllers\BaseController.php(57): helper([...])
 3 SYSTEMPATH\CodeIgniter.php(915): App\Controllers\BaseController->initController(Object(CodeIgniter\HTTP\IncomingRequest), Object(CodeIgniter\HTTP\Response), Object(CodeIgniter\Log\Logger))
 4 SYSTEMPATH\CodeIgniter.php(493): CodeIgniter\CodeIgniter->createController()
 5 SYSTEMPATH\CodeIgniter.php(361): CodeIgniter\CodeIgniter->handleRequest(null, Object(Config\Cache), false)
 6 FCPATH\index.php(79): CodeIgniter\CodeIgniter->run()
INFO - 2024-02-03 18:43:18 --> Session: Class initialized using 'CodeIgniter\Session\Handlers\FileHandler' driver.
WARNING - 2024-02-03 18:43:18 --> [DEPRECATED] Required parameter $valor2 follows optional parameter $valor1 in APPPATH\Helpers\usuarios_helper.php on line 2.
 1 SYSTEMPATH\Common.php(667): include_once()
 2 APPPATH\Controllers\BaseController.php(57): helper([...])
 3 SYSTEMPATH\CodeIgniter.php(915): App\Controllers\BaseController->initController(Object(CodeIgniter\HTTP\IncomingRequest), Object(CodeIgniter\HTTP\Response), Object(CodeIgniter\Log\Logger))
 4 SYSTEMPATH\CodeIgniter.php(493): CodeIgniter\CodeIgniter->createController()
 5 SYSTEMPATH\CodeIgniter.php(361): CodeIgniter\CodeIgniter->handleRequest(null, Object(Config\Cache), false)
 6 FCPATH\index.php(79): CodeIgniter\CodeIgniter->run()
INFO - 2024-02-03 18:43:18 --> Session: Class initialized using 'CodeIgniter\Session\Handlers\FileHandler' driver.
WARNING - 2024-02-03 18:43:18 --> [DEPRECATED] Required parameter $valor2 follows optional parameter $valor1 in APPPATH\Helpers\usuarios_helper.php on line 2.
 1 SYSTEMPATH\Common.php(667): include_once()
 2 APPPATH\Controllers\BaseController.php(57): helper([...])
 3 SYSTEMPATH\CodeIgniter.php(915): App\Controllers\BaseController->initController(Object(CodeIgniter\HTTP\IncomingRequest), Object(CodeIgniter\HTTP\Response), Object(CodeIgniter\Log\Logger))
 4 SYSTEMPATH\CodeIgniter.php(493): CodeIgniter\CodeIgniter->createController()
 5 SYSTEMPATH\CodeIgniter.php(361): CodeIgniter\CodeIgniter->handleRequest(null, Object(Config\Cache), false)
 6 FCPATH\index.php(79): CodeIgniter\CodeIgniter->run()
INFO - 2024-02-03 18:45:30 --> Session: Class initialized using 'CodeIgniter\Session\Handlers\FileHandler' driver.
WARNING - 2024-02-03 18:45:30 --> [DEPRECATED] Required parameter $valor2 follows optional parameter $valor1 in APPPATH\Helpers\usuarios_helper.php on line 2.
 1 SYSTEMPATH\Common.php(667): include_once()
 2 APPPATH\Controllers\BaseController.php(57): helper([...])
 3 SYSTEMPATH\CodeIgniter.php(915): App\Controllers\BaseController->initController(Object(CodeIgniter\HTTP\IncomingRequest), Object(CodeIgniter\HTTP\Response), Object(CodeIgniter\Log\Logger))
 4 SYSTEMPATH\CodeIgniter.php(493): CodeIgniter\CodeIgniter->createController()
 5 SYSTEMPATH\CodeIgniter.php(361): CodeIgniter\CodeIgniter->handleRequest(null, Object(Config\Cache), false)
 6 FCPATH\index.php(79): CodeIgniter\CodeIgniter->run()
INFO - 2024-02-03 18:46:57 --> Session: Class initialized using 'CodeIgniter\Session\Handlers\FileHandler' driver.
WARNING - 2024-02-03 18:46:57 --> [DEPRECATED] Required parameter $valor2 follows optional parameter $valor1 in APPPATH\Helpers\usuarios_helper.php on line 2.
 1 SYSTEMPATH\Common.php(667): include_once()
 2 APPPATH\Controllers\BaseController.php(57): helper([...])
 3 SYSTEMPATH\CodeIgniter.php(915): App\Controllers\BaseController->initController(Object(CodeIgniter\HTTP\IncomingRequest), Object(CodeIgniter\HTTP\Response), Object(CodeIgniter\Log\Logger))
 4 SYSTEMPATH\CodeIgniter.php(493): CodeIgniter\CodeIgniter->createController()
 5 SYSTEMPATH\CodeIgniter.php(361): CodeIgniter\CodeIgniter->handleRequest(null, Object(Config\Cache), false)
 6 FCPATH\index.php(79): CodeIgniter\CodeIgniter->run()
INFO - 2024-02-03 18:48:47 --> Session: Class initialized using 'CodeIgniter\Session\Handlers\FileHandler' driver.
WARNING - 2024-02-03 18:48:47 --> [DEPRECATED] Required parameter $valor2 follows optional parameter $valor1 in APPPATH\Helpers\usuarios_helper.php on line 2.
 1 SYSTEMPATH\Common.php(667): include_once()
 2 APPPATH\Controllers\BaseController.php(57): helper([...])
 3 SYSTEMPATH\CodeIgniter.php(915): App\Controllers\BaseController->initController(Object(CodeIgniter\HTTP\IncomingRequest), Object(CodeIgniter\HTTP\Response), Object(CodeIgniter\Log\Logger))
 4 SYSTEMPATH\CodeIgniter.php(493): CodeIgniter\CodeIgniter->createController()
 5 SYSTEMPATH\CodeIgniter.php(361): CodeIgniter\CodeIgniter->handleRequest(null, Object(Config\Cache), false)
 6 FCPATH\index.php(79): CodeIgniter\CodeIgniter->run()
WARNING - 2024-02-03 18:49:45 --> [DEPRECATED] Required parameter $valor2 follows optional parameter $valor1 in APPPATH\Helpers\usuarios_helper.php on line 2.
 1 SYSTEMPATH\Common.php(667): include_once()
 2 APPPATH\Controllers\BaseController.php(57): helper([...])
 3 SYSTEMPATH\CodeIgniter.php(915): App\Controllers\BaseController->initController(Object(CodeIgniter\HTTP\IncomingRequest), Object(CodeIgniter\HTTP\Response), Object(CodeIgniter\Log\Logger))
 4 SYSTEMPATH\CodeIgniter.php(493): CodeIgniter\CodeIgniter->createController()
 5 SYSTEMPATH\CodeIgniter.php(361): CodeIgniter\CodeIgniter->handleRequest(null, Object(Config\Cache), false)
 6 FCPATH\index.php(79): CodeIgniter\CodeIgniter->run()
INFO - 2024-02-03 18:49:45 --> Session: Class initialized using 'CodeIgniter\Session\Handlers\FileHandler' driver.
INFO - 2024-02-03 18:49:45 --> Session: Class initialized using 'CodeIgniter\Session\Handlers\FileHandler' driver.
WARNING - 2024-02-03 18:49:45 --> [DEPRECATED] Required parameter $valor2 follows optional parameter $valor1 in APPPATH\Helpers\usuarios_helper.php on line 2.
 1 SYSTEMPATH\Common.php(667): include_once()
 2 APPPATH\Controllers\BaseController.php(57): helper([...])
 3 SYSTEMPATH\CodeIgniter.php(915): App\Controllers\BaseController->initController(Object(CodeIgniter\HTTP\IncomingRequest), Object(CodeIgniter\HTTP\Response), Object(CodeIgniter\Log\Logger))
 4 SYSTEMPATH\CodeIgniter.php(493): CodeIgniter\CodeIgniter->createController()
 5 SYSTEMPATH\CodeIgniter.php(361): CodeIgniter\CodeIgniter->handleRequest(null, Object(Config\Cache), false)
 6 FCPATH\index.php(79): CodeIgniter\CodeIgniter->run()
INFO - 2024-02-03 18:50:12 --> Session: Class initialized using 'CodeIgniter\Session\Handlers\FileHandler' driver.
INFO - 2024-02-03 18:50:13 --> Session: Class initialized using 'CodeIgniter\Session\Handlers\FileHandler' driver.
WARNING - 2024-02-03 18:50:13 --> [DEPRECATED] Required parameter $valor2 follows optional parameter $valor1 in APPPATH\Helpers\usuarios_helper.php on line 2.
 1 SYSTEMPATH\Common.php(667): include_once()
 2 APPPATH\Controllers\BaseController.php(57): helper([...])
 3 SYSTEMPATH\CodeIgniter.php(915): App\Controllers\BaseController->initController(Object(CodeIgniter\HTTP\IncomingRequest), Object(CodeIgniter\HTTP\Response), Object(CodeIgniter\Log\Logger))
 4 SYSTEMPATH\CodeIgniter.php(493): CodeIgniter\CodeIgniter->createController()
 5 SYSTEMPATH\CodeIgniter.php(361): CodeIgniter\CodeIgniter->handleRequest(null, Object(Config\Cache), false)
 6 FCPATH\index.php(79): CodeIgniter\CodeIgniter->run()
WARNING - 2024-02-03 18:50:40 --> [DEPRECATED] Required parameter $valor2 follows optional parameter $valor1 in APPPATH\Helpers\usuarios_helper.php on line 2.
 1 SYSTEMPATH\Common.php(667): include_once()
 2 APPPATH\Controllers\BaseController.php(57): helper([...])
 3 SYSTEMPATH\CodeIgniter.php(915): App\Controllers\BaseController->initController(Object(CodeIgniter\HTTP\IncomingRequest), Object(CodeIgniter\HTTP\Response), Object(CodeIgniter\Log\Logger))
 4 SYSTEMPATH\CodeIgniter.php(493): CodeIgniter\CodeIgniter->createController()
 5 SYSTEMPATH\CodeIgniter.php(361): CodeIgniter\CodeIgniter->handleRequest(null, Object(Config\Cache), false)
 6 FCPATH\index.php(79): CodeIgniter\CodeIgniter->run()
INFO - 2024-02-03 18:50:40 --> Session: Class initialized using 'CodeIgniter\Session\Handlers\FileHandler' driver.
INFO - 2024-02-03 18:50:40 --> Session: Class initialized using 'CodeIgniter\Session\Handlers\FileHandler' driver.
WARNING - 2024-02-03 18:50:40 --> [DEPRECATED] Required parameter $valor2 follows optional parameter $valor1 in APPPATH\Helpers\usuarios_helper.php on line 2.
 1 SYSTEMPATH\Common.php(667): include_once()
 2 APPPATH\Controllers\BaseController.php(57): helper([...])
 3 SYSTEMPATH\CodeIgniter.php(915): App\Controllers\BaseController->initController(Object(CodeIgniter\HTTP\IncomingRequest), Object(CodeIgniter\HTTP\Response), Object(CodeIgniter\Log\Logger))
 4 SYSTEMPATH\CodeIgniter.php(493): CodeIgniter\CodeIgniter->createController()
 5 SYSTEMPATH\CodeIgniter.php(361): CodeIgniter\CodeIgniter->handleRequest(null, Object(Config\Cache), false)
 6 FCPATH\index.php(79): CodeIgniter\CodeIgniter->run()
INFO - 2024-02-03 18:50:45 --> Session: Class initialized using 'CodeIgniter\Session\Handlers\FileHandler' driver.
WARNING - 2024-02-03 18:50:45 --> [DEPRECATED] Required parameter $valor2 follows optional parameter $valor1 in APPPATH\Helpers\usuarios_helper.php on line 2.
 1 SYSTEMPATH\Common.php(667): include_once()
 2 APPPATH\Controllers\BaseController.php(57): helper([...])
 3 SYSTEMPATH\CodeIgniter.php(915): App\Controllers\BaseController->initController(Object(CodeIgniter\HTTP\IncomingRequest), Object(CodeIgniter\HTTP\Response), Object(CodeIgniter\Log\Logger))
 4 SYSTEMPATH\CodeIgniter.php(493): CodeIgniter\CodeIgniter->createController()
 5 SYSTEMPATH\CodeIgniter.php(361): CodeIgniter\CodeIgniter->handleRequest(null, Object(Config\Cache), false)
 6 FCPATH\index.php(79): CodeIgniter\CodeIgniter->run()
INFO - 2024-02-03 18:51:48 --> Session: Class initialized using 'CodeIgniter\Session\Handlers\FileHandler' driver.
WARNING - 2024-02-03 18:51:48 --> [DEPRECATED] Required parameter $valor2 follows optional parameter $valor1 in APPPATH\Helpers\usuarios_helper.php on line 2.
 1 SYSTEMPATH\Common.php(667): include_once()
 2 APPPATH\Controllers\BaseController.php(57): helper([...])
 3 SYSTEMPATH\CodeIgniter.php(915): App\Controllers\BaseController->initController(Object(CodeIgniter\HTTP\IncomingRequest), Object(CodeIgniter\HTTP\Response), Object(CodeIgniter\Log\Logger))
 4 SYSTEMPATH\CodeIgniter.php(493): CodeIgniter\CodeIgniter->createController()
 5 SYSTEMPATH\CodeIgniter.php(361): CodeIgniter\CodeIgniter->handleRequest(null, Object(Config\Cache), false)
 6 FCPATH\index.php(79): CodeIgniter\CodeIgniter->run()
INFO - 2024-02-03 18:51:51 --> Session: Class initialized using 'CodeIgniter\Session\Handlers\FileHandler' driver.
WARNING - 2024-02-03 18:51:51 --> [DEPRECATED] Required parameter $valor2 follows optional parameter $valor1 in APPPATH\Helpers\usuarios_helper.php on line 2.
 1 SYSTEMPATH\Common.php(667): include_once()
 2 APPPATH\Controllers\BaseController.php(57): helper([...])
 3 SYSTEMPATH\CodeIgniter.php(915): App\Controllers\BaseController->initController(Object(CodeIgniter\HTTP\IncomingRequest), Object(CodeIgniter\HTTP\Response), Object(CodeIgniter\Log\Logger))
 4 SYSTEMPATH\CodeIgniter.php(493): CodeIgniter\CodeIgniter->createController()
 5 SYSTEMPATH\CodeIgniter.php(361): CodeIgniter\CodeIgniter->handleRequest(null, Object(Config\Cache), false)
 6 FCPATH\index.php(79): CodeIgniter\CodeIgniter->run()
INFO - 2024-02-03 18:53:15 --> Session: Class initialized using 'CodeIgniter\Session\Handlers\FileHandler' driver.
WARNING - 2024-02-03 18:53:15 --> [DEPRECATED] Required parameter $valor2 follows optional parameter $valor1 in APPPATH\Helpers\usuarios_helper.php on line 2.
 1 SYSTEMPATH\Common.php(667): include_once()
 2 APPPATH\Controllers\BaseController.php(57): helper([...])
 3 SYSTEMPATH\CodeIgniter.php(915): App\Controllers\BaseController->initController(Object(CodeIgniter\HTTP\IncomingRequest), Object(CodeIgniter\HTTP\Response), Object(CodeIgniter\Log\Logger))
 4 SYSTEMPATH\CodeIgniter.php(493): CodeIgniter\CodeIgniter->createController()
 5 SYSTEMPATH\CodeIgniter.php(361): CodeIgniter\CodeIgniter->handleRequest(null, Object(Config\Cache), false)
 6 FCPATH\index.php(79): CodeIgniter\CodeIgniter->run()
INFO - 2024-02-03 18:53:19 --> Session: Class initialized using 'CodeIgniter\Session\Handlers\FileHandler' driver.
WARNING - 2024-02-03 18:53:19 --> [DEPRECATED] Required parameter $valor2 follows optional parameter $valor1 in APPPATH\Helpers\usuarios_helper.php on line 2.
 1 SYSTEMPATH\Common.php(667): include_once()
 2 APPPATH\Controllers\BaseController.php(57): helper([...])
 3 SYSTEMPATH\CodeIgniter.php(915): App\Controllers\BaseController->initController(Object(CodeIgniter\HTTP\IncomingRequest), Object(CodeIgniter\HTTP\Response), Object(CodeIgniter\Log\Logger))
 4 SYSTEMPATH\CodeIgniter.php(493): CodeIgniter\CodeIgniter->createController()
 5 SYSTEMPATH\CodeIgniter.php(361): CodeIgniter\CodeIgniter->handleRequest(null, Object(Config\Cache), false)
 6 FCPATH\index.php(79): CodeIgniter\CodeIgniter->run()
INFO - 2024-02-03 18:53:23 --> Session: Class initialized using 'CodeIgniter\Session\Handlers\FileHandler' driver.
WARNING - 2024-02-03 18:53:23 --> [DEPRECATED] Required parameter $valor2 follows optional parameter $valor1 in APPPATH\Helpers\usuarios_helper.php on line 2.
 1 SYSTEMPATH\Common.php(667): include_once()
 2 APPPATH\Controllers\BaseController.php(57): helper([...])
 3 SYSTEMPATH\CodeIgniter.php(915): App\Controllers\BaseController->initController(Object(CodeIgniter\HTTP\IncomingRequest), Object(CodeIgniter\HTTP\Response), Object(CodeIgniter\Log\Logger))
 4 SYSTEMPATH\CodeIgniter.php(493): CodeIgniter\CodeIgniter->createController()
 5 SYSTEMPATH\CodeIgniter.php(361): CodeIgniter\CodeIgniter->handleRequest(null, Object(Config\Cache), false)
 6 FCPATH\index.php(79): CodeIgniter\CodeIgniter->run()
INFO - 2024-02-03 18:53:26 --> Session: Class initialized using 'CodeIgniter\Session\Handlers\FileHandler' driver.
WARNING - 2024-02-03 18:53:26 --> [DEPRECATED] Required parameter $valor2 follows optional parameter $valor1 in APPPATH\Helpers\usuarios_helper.php on line 2.
 1 SYSTEMPATH\Common.php(667): include_once()
 2 APPPATH\Controllers\BaseController.php(57): helper([...])
 3 SYSTEMPATH\CodeIgniter.php(915): App\Controllers\BaseController->initController(Object(CodeIgniter\HTTP\IncomingRequest), Object(CodeIgniter\HTTP\Response), Object(CodeIgniter\Log\Logger))
 4 SYSTEMPATH\CodeIgniter.php(493): CodeIgniter\CodeIgniter->createController()
 5 SYSTEMPATH\CodeIgniter.php(361): CodeIgniter\CodeIgniter->handleRequest(null, Object(Config\Cache), false)
 6 FCPATH\index.php(79): CodeIgniter\CodeIgniter->run()
INFO - 2024-02-03 18:53:28 --> Session: Class initialized using 'CodeIgniter\Session\Handlers\FileHandler' driver.
WARNING - 2024-02-03 18:53:28 --> [DEPRECATED] Required parameter $valor2 follows optional parameter $valor1 in APPPATH\Helpers\usuarios_helper.php on line 2.
 1 SYSTEMPATH\Common.php(667): include_once()
 2 APPPATH\Controllers\BaseController.php(57): helper([...])
 3 SYSTEMPATH\CodeIgniter.php(915): App\Controllers\BaseController->initController(Object(CodeIgniter\HTTP\IncomingRequest), Object(CodeIgniter\HTTP\Response), Object(CodeIgniter\Log\Logger))
 4 SYSTEMPATH\CodeIgniter.php(493): CodeIgniter\CodeIgniter->createController()
 5 SYSTEMPATH\CodeIgniter.php(361): CodeIgniter\CodeIgniter->handleRequest(null, Object(Config\Cache), false)
 6 FCPATH\index.php(79): CodeIgniter\CodeIgniter->run()
INFO - 2024-02-03 18:53:30 --> Session: Class initialized using 'CodeIgniter\Session\Handlers\FileHandler' driver.
WARNING - 2024-02-03 18:53:30 --> [DEPRECATED] Required parameter $valor2 follows optional parameter $valor1 in APPPATH\Helpers\usuarios_helper.php on line 2.
 1 SYSTEMPATH\Common.php(667): include_once()
 2 APPPATH\Controllers\BaseController.php(57): helper([...])
 3 SYSTEMPATH\CodeIgniter.php(915): App\Controllers\BaseController->initController(Object(CodeIgniter\HTTP\IncomingRequest), Object(CodeIgniter\HTTP\Response), Object(CodeIgniter\Log\Logger))
 4 SYSTEMPATH\CodeIgniter.php(493): CodeIgniter\CodeIgniter->createController()
 5 SYSTEMPATH\CodeIgniter.php(361): CodeIgniter\CodeIgniter->handleRequest(null, Object(Config\Cache), false)
 6 FCPATH\index.php(79): CodeIgniter\CodeIgniter->run()
INFO - 2024-02-03 18:53:33 --> Session: Class initialized using 'CodeIgniter\Session\Handlers\FileHandler' driver.
WARNING - 2024-02-03 18:53:33 --> [DEPRECATED] Required parameter $valor2 follows optional parameter $valor1 in APPPATH\Helpers\usuarios_helper.php on line 2.
 1 SYSTEMPATH\Common.php(667): include_once()
 2 APPPATH\Controllers\BaseController.php(57): helper([...])
 3 SYSTEMPATH\CodeIgniter.php(915): App\Controllers\BaseController->initController(Object(CodeIgniter\HTTP\IncomingRequest), Object(CodeIgniter\HTTP\Response), Object(CodeIgniter\Log\Logger))
 4 SYSTEMPATH\CodeIgniter.php(493): CodeIgniter\CodeIgniter->createController()
 5 SYSTEMPATH\CodeIgniter.php(361): CodeIgniter\CodeIgniter->handleRequest(null, Object(Config\Cache), false)
 6 FCPATH\index.php(79): CodeIgniter\CodeIgniter->run()
INFO - 2024-02-03 19:00:03 --> Session: Class initialized using 'CodeIgniter\Session\Handlers\FileHandler' driver.
WARNING - 2024-02-03 19:00:03 --> [DEPRECATED] Required parameter $valor2 follows optional parameter $valor1 in APPPATH\Helpers\usuarios_helper.php on line 2.
 1 SYSTEMPATH\Common.php(667): include_once()
 2 APPPATH\Controllers\BaseController.php(57): helper([...])
 3 SYSTEMPATH\CodeIgniter.php(915): App\Controllers\BaseController->initController(Object(CodeIgniter\HTTP\IncomingRequest), Object(CodeIgniter\HTTP\Response), Object(CodeIgniter\Log\Logger))
 4 SYSTEMPATH\CodeIgniter.php(493): CodeIgniter\CodeIgniter->createController()
 5 SYSTEMPATH\CodeIgniter.php(361): CodeIgniter\CodeIgniter->handleRequest(null, Object(Config\Cache), false)
 6 FCPATH\index.php(79): CodeIgniter\CodeIgniter->run()
INFO - 2024-02-03 19:05:47 --> Session: Class initialized using 'CodeIgniter\Session\Handlers\FileHandler' driver.
WARNING - 2024-02-03 19:05:48 --> [DEPRECATED] Required parameter $valor2 follows optional parameter $valor1 in APPPATH\Helpers\usuarios_helper.php on line 2.
 1 SYSTEMPATH\Common.php(667): include_once()
 2 APPPATH\Controllers\BaseController.php(57): helper([...])
 3 SYSTEMPATH\CodeIgniter.php(915): App\Controllers\BaseController->initController(Object(CodeIgniter\HTTP\IncomingRequest), Object(CodeIgniter\HTTP\Response), Object(CodeIgniter\Log\Logger))
 4 SYSTEMPATH\CodeIgniter.php(493): CodeIgniter\CodeIgniter->createController()
 5 SYSTEMPATH\CodeIgniter.php(361): CodeIgniter\CodeIgniter->handleRequest(null, Object(Config\Cache), false)
 6 FCPATH\index.php(79): CodeIgniter\CodeIgniter->run()
INFO - 2024-02-03 19:06:03 --> Session: Class initialized using 'CodeIgniter\Session\Handlers\FileHandler' driver.
WARNING - 2024-02-03 19:06:04 --> [DEPRECATED] Required parameter $valor2 follows optional parameter $valor1 in APPPATH\Helpers\usuarios_helper.php on line 2.
 1 SYSTEMPATH\Common.php(667): include_once()
 2 APPPATH\Controllers\BaseController.php(57): helper([...])
 3 SYSTEMPATH\CodeIgniter.php(915): App\Controllers\BaseController->initController(Object(CodeIgniter\HTTP\IncomingRequest), Object(CodeIgniter\HTTP\Response), Object(CodeIgniter\Log\Logger))
 4 SYSTEMPATH\CodeIgniter.php(493): CodeIgniter\CodeIgniter->createController()
 5 SYSTEMPATH\CodeIgniter.php(361): CodeIgniter\CodeIgniter->handleRequest(null, Object(Config\Cache), false)
 6 FCPATH\index.php(79): CodeIgniter\CodeIgniter->run()
INFO - 2024-02-03 19:56:00 --> Session: Class initialized using 'CodeIgniter\Session\Handlers\FileHandler' driver.
WARNING - 2024-02-03 19:56:00 --> [DEPRECATED] Required parameter $valor2 follows optional parameter $valor1 in APPPATH\Helpers\usuarios_helper.php on line 2.
 1 SYSTEMPATH\Common.php(667): include_once()
 2 APPPATH\Controllers\BaseController.php(57): helper([...])
 3 SYSTEMPATH\CodeIgniter.php(915): App\Controllers\BaseController->initController(Object(CodeIgniter\HTTP\IncomingRequest), Object(CodeIgniter\HTTP\Response), Object(CodeIgniter\Log\Logger))
 4 SYSTEMPATH\CodeIgniter.php(493): CodeIgniter\CodeIgniter->createController()
 5 SYSTEMPATH\CodeIgniter.php(361): CodeIgniter\CodeIgniter->handleRequest(null, Object(Config\Cache), false)
 6 FCPATH\index.php(79): CodeIgniter\CodeIgniter->run()
WARNING - 2024-02-03 19:56:03 --> [DEPRECATED] Required parameter $valor2 follows optional parameter $valor1 in APPPATH\Helpers\usuarios_helper.php on line 2.
 1 SYSTEMPATH\Common.php(667): include_once()
 2 APPPATH\Controllers\BaseController.php(57): helper([...])
 3 SYSTEMPATH\CodeIgniter.php(915): App\Controllers\BaseController->initController(Object(CodeIgniter\HTTP\IncomingRequest), Object(CodeIgniter\HTTP\Response), Object(CodeIgniter\Log\Logger))
 4 SYSTEMPATH\CodeIgniter.php(493): CodeIgniter\CodeIgniter->createController()
 5 SYSTEMPATH\CodeIgniter.php(361): CodeIgniter\CodeIgniter->handleRequest(null, Object(Config\Cache), false)
 6 FCPATH\index.php(79): CodeIgniter\CodeIgniter->run()
INFO - 2024-02-03 19:56:03 --> Session: Class initialized using 'CodeIgniter\Session\Handlers\FileHandler' driver.
INFO - 2024-02-03 19:56:03 --> Session: Class initialized using 'CodeIgniter\Session\Handlers\FileHandler' driver.
WARNING - 2024-02-03 19:56:03 --> [DEPRECATED] Required parameter $valor2 follows optional parameter $valor1 in APPPATH\Helpers\usuarios_helper.php on line 2.
 1 SYSTEMPATH\Common.php(667): include_once()
 2 APPPATH\Controllers\BaseController.php(57): helper([...])
 3 SYSTEMPATH\CodeIgniter.php(915): App\Controllers\BaseController->initController(Object(CodeIgniter\HTTP\IncomingRequest), Object(CodeIgniter\HTTP\Response), Object(CodeIgniter\Log\Logger))
 4 SYSTEMPATH\CodeIgniter.php(493): CodeIgniter\CodeIgniter->createController()
 5 SYSTEMPATH\CodeIgniter.php(361): CodeIgniter\CodeIgniter->handleRequest(null, Object(Config\Cache), false)
 6 FCPATH\index.php(79): CodeIgniter\CodeIgniter->run()
