INFO - 2024-03-12 18:10:19 --> Session: Class initialized using 'CodeIgniter\Session\Handlers\FileHandler' driver.
WARNING - 2024-03-12 18:10:20 --> [DEPRECATED] Creation of dynamic property App\Filters\Noauth::$ingreso is deprecated in APPPATH\Filters\Noauth.php on line 23.
 1 SYSTEMPATH\Filters\Filters.php(184): App\Filters\Noauth->before(Object(CodeIgniter\HTTP\IncomingRequest), null)
 2 SYSTEMPATH\CodeIgniter.php(474): CodeIgniter\Filters\Filters->run('', 'before')
 3 SYSTEMPATH\CodeIgniter.php(361): CodeIgniter\CodeIgniter->handleRequest(null, Object(Config\Cache), false)
 4 FCPATH\index.php(79): CodeIgniter\CodeIgniter->run()
INFO - 2024-03-12 18:10:20 --> Session: Class initialized using 'CodeIgniter\Session\Handlers\FileHandler' driver.
WARNING - 2024-03-12 18:10:20 --> [DEPRECATED] Optional parameter $valor1 declared before required parameter $valor2 is implicitly treated as a required parameter in APPPATH\Helpers\usuarios_helper.php on line 2.
 1 SYSTEMPATH\Common.php(667): include_once('C:\\xampp\\htdocs\\codeigniter\\system\\Debug\\Exceptions.php')
 2 APPPATH\Controllers\BaseController.php(57): helper([...])
 3 SYSTEMPATH\CodeIgniter.php(915): App\Controllers\BaseController->initController(Object(CodeIgniter\HTTP\IncomingRequest), Object(CodeIgniter\HTTP\Response), Object(CodeIgniter\Log\Logger))
 4 SYSTEMPATH\CodeIgniter.php(493): CodeIgniter\CodeIgniter->createController()
 5 SYSTEMPATH\CodeIgniter.php(361): CodeIgniter\CodeIgniter->handleRequest(null, Object(Config\Cache), false)
 6 FCPATH\index.php(79): CodeIgniter\CodeIgniter->run()
WARNING - 2024-03-12 18:10:35 --> [DEPRECATED] Optional parameter $valor1 declared before required parameter $valor2 is implicitly treated as a required parameter in APPPATH\Helpers\usuarios_helper.php on line 2.
 1 SYSTEMPATH\Common.php(667): include_once('C:\\xampp\\htdocs\\codeigniter\\system\\Debug\\Exceptions.php')
 2 APPPATH\Controllers\BaseController.php(57): helper([...])
 3 SYSTEMPATH\CodeIgniter.php(915): App\Controllers\BaseController->initController(Object(CodeIgniter\HTTP\IncomingRequest), Object(CodeIgniter\HTTP\Response), Object(CodeIgniter\Log\Logger))
 4 SYSTEMPATH\CodeIgniter.php(493): CodeIgniter\CodeIgniter->createController()
 5 SYSTEMPATH\CodeIgniter.php(361): CodeIgniter\CodeIgniter->handleRequest(null, Object(Config\Cache), false)
 6 FCPATH\index.php(79): CodeIgniter\CodeIgniter->run()
INFO - 2024-03-12 18:10:35 --> Session: Class initialized using 'CodeIgniter\Session\Handlers\FileHandler' driver.
INFO - 2024-03-12 18:10:35 --> Session: Class initialized using 'CodeIgniter\Session\Handlers\FileHandler' driver.
WARNING - 2024-03-12 18:10:35 --> [DEPRECATED] Optional parameter $valor1 declared before required parameter $valor2 is implicitly treated as a required parameter in APPPATH\Helpers\usuarios_helper.php on line 2.
 1 SYSTEMPATH\Common.php(667): include_once('C:\\xampp\\htdocs\\codeigniter\\system\\Debug\\Exceptions.php')
 2 APPPATH\Controllers\BaseController.php(57): helper([...])
 3 SYSTEMPATH\CodeIgniter.php(915): App\Controllers\BaseController->initController(Object(CodeIgniter\HTTP\IncomingRequest), Object(CodeIgniter\HTTP\Response), Object(CodeIgniter\Log\Logger))
 4 SYSTEMPATH\CodeIgniter.php(493): CodeIgniter\CodeIgniter->createController()
 5 SYSTEMPATH\CodeIgniter.php(361): CodeIgniter\CodeIgniter->handleRequest(null, Object(Config\Cache), false)
 6 FCPATH\index.php(79): CodeIgniter\CodeIgniter->run()
INFO - 2024-03-12 18:10:39 --> Session: Class initialized using 'CodeIgniter\Session\Handlers\FileHandler' driver.
WARNING - 2024-03-12 18:10:39 --> [DEPRECATED] Optional parameter $valor1 declared before required parameter $valor2 is implicitly treated as a required parameter in APPPATH\Helpers\usuarios_helper.php on line 2.
 1 SYSTEMPATH\Common.php(667): include_once('C:\\xampp\\htdocs\\codeigniter\\system\\Debug\\Exceptions.php')
 2 APPPATH\Controllers\BaseController.php(57): helper([...])
 3 SYSTEMPATH\CodeIgniter.php(915): App\Controllers\BaseController->initController(Object(CodeIgniter\HTTP\IncomingRequest), Object(CodeIgniter\HTTP\Response), Object(CodeIgniter\Log\Logger))
 4 SYSTEMPATH\CodeIgniter.php(493): CodeIgniter\CodeIgniter->createController()
 5 SYSTEMPATH\CodeIgniter.php(361): CodeIgniter\CodeIgniter->handleRequest(null, Object(Config\Cache), false)
 6 FCPATH\index.php(79): CodeIgniter\CodeIgniter->run()
