WARNING - 2024-03-20 19:55:20 --> [DEPRECATED] Creation of dynamic property App\Filters\Noauth::$ingreso is deprecated in APPPATH\Filters\Noauth.php on line 23.
 1 SYSTEMPATH\Filters\Filters.php(184): App\Filters\Noauth->before(Object(CodeIgniter\HTTP\IncomingRequest), null)
 2 SYSTEMPATH\CodeIgniter.php(474): CodeIgniter\Filters\Filters->run('', 'before')
 3 SYSTEMPATH\CodeIgniter.php(361): CodeIgniter\CodeIgniter->handleRequest(null, Object(Config\Cache), false)
 4 FCPATH\index.php(79): CodeIgniter\CodeIgniter->run()
INFO - 2024-03-20 19:55:21 --> Session: Class initialized using 'CodeIgniter\Session\Handlers\FileHandler' driver.
WARNING - 2024-03-20 19:55:21 --> [DEPRECATED] Optional parameter $valor1 declared before required parameter $valor2 is implicitly treated as a required parameter in APPPATH\Helpers\usuarios_helper.php on line 2.
 1 SYSTEMPATH\Common.php(667): include_once('C:\\xampp\\htdocs\\codeigniter\\system\\Debug\\Exceptions.php')
 2 APPPATH\Controllers\BaseController.php(57): helper([...])
 3 SYSTEMPATH\CodeIgniter.php(915): App\Controllers\BaseController->initController(Object(CodeIgniter\HTTP\IncomingRequest), Object(CodeIgniter\HTTP\Response), Object(CodeIgniter\Log\Logger))
 4 SYSTEMPATH\CodeIgniter.php(493): CodeIgniter\CodeIgniter->createController()
 5 SYSTEMPATH\CodeIgniter.php(361): CodeIgniter\CodeIgniter->handleRequest(null, Object(Config\Cache), false)
 6 FCPATH\index.php(79): CodeIgniter\CodeIgniter->run()
WARNING - 2024-03-20 19:55:41 --> [DEPRECATED] Optional parameter $valor1 declared before required parameter $valor2 is implicitly treated as a required parameter in APPPATH\Helpers\usuarios_helper.php on line 2.
 1 SYSTEMPATH\Common.php(667): include_once('C:\\xampp\\htdocs\\codeigniter\\system\\Debug\\Exceptions.php')
 2 APPPATH\Controllers\BaseController.php(57): helper([...])
 3 SYSTEMPATH\CodeIgniter.php(915): App\Controllers\BaseController->initController(Object(CodeIgniter\HTTP\IncomingRequest), Object(CodeIgniter\HTTP\Response), Object(CodeIgniter\Log\Logger))
 4 SYSTEMPATH\CodeIgniter.php(493): CodeIgniter\CodeIgniter->createController()
 5 SYSTEMPATH\CodeIgniter.php(361): CodeIgniter\CodeIgniter->handleRequest(null, Object(Config\Cache), false)
 6 FCPATH\index.php(79): CodeIgniter\CodeIgniter->run()
INFO - 2024-03-20 19:55:41 --> Session: Class initialized using 'CodeIgniter\Session\Handlers\FileHandler' driver.
INFO - 2024-03-20 19:55:41 --> Session: Class initialized using 'CodeIgniter\Session\Handlers\FileHandler' driver.
WARNING - 2024-03-20 19:55:41 --> [DEPRECATED] Optional parameter $valor1 declared before required parameter $valor2 is implicitly treated as a required parameter in APPPATH\Helpers\usuarios_helper.php on line 2.
 1 SYSTEMPATH\Common.php(667): include_once('C:\\xampp\\htdocs\\codeigniter\\system\\Debug\\Exceptions.php')
 2 APPPATH\Controllers\BaseController.php(57): helper([...])
 3 SYSTEMPATH\CodeIgniter.php(915): App\Controllers\BaseController->initController(Object(CodeIgniter\HTTP\IncomingRequest), Object(CodeIgniter\HTTP\Response), Object(CodeIgniter\Log\Logger))
 4 SYSTEMPATH\CodeIgniter.php(493): CodeIgniter\CodeIgniter->createController()
 5 SYSTEMPATH\CodeIgniter.php(361): CodeIgniter\CodeIgniter->handleRequest(null, Object(Config\Cache), false)
 6 FCPATH\index.php(79): CodeIgniter\CodeIgniter->run()
INFO - 2024-03-20 19:55:44 --> Session: Class initialized using 'CodeIgniter\Session\Handlers\FileHandler' driver.
WARNING - 2024-03-20 19:55:45 --> [DEPRECATED] Optional parameter $valor1 declared before required parameter $valor2 is implicitly treated as a required parameter in APPPATH\Helpers\usuarios_helper.php on line 2.
 1 SYSTEMPATH\Common.php(667): include_once('C:\\xampp\\htdocs\\codeigniter\\system\\Debug\\Exceptions.php')
 2 APPPATH\Controllers\BaseController.php(57): helper([...])
 3 SYSTEMPATH\CodeIgniter.php(915): App\Controllers\BaseController->initController(Object(CodeIgniter\HTTP\IncomingRequest), Object(CodeIgniter\HTTP\Response), Object(CodeIgniter\Log\Logger))
 4 SYSTEMPATH\CodeIgniter.php(493): CodeIgniter\CodeIgniter->createController()
 5 SYSTEMPATH\CodeIgniter.php(361): CodeIgniter\CodeIgniter->handleRequest(null, Object(Config\Cache), false)
 6 FCPATH\index.php(79): CodeIgniter\CodeIgniter->run()
INFO - 2024-03-20 19:55:47 --> Session: Class initialized using 'CodeIgniter\Session\Handlers\FileHandler' driver.
WARNING - 2024-03-20 19:55:47 --> [DEPRECATED] Optional parameter $valor1 declared before required parameter $valor2 is implicitly treated as a required parameter in APPPATH\Helpers\usuarios_helper.php on line 2.
 1 SYSTEMPATH\Common.php(667): include_once('C:\\xampp\\htdocs\\codeigniter\\system\\Debug\\Exceptions.php')
 2 APPPATH\Controllers\BaseController.php(57): helper([...])
 3 SYSTEMPATH\CodeIgniter.php(915): App\Controllers\BaseController->initController(Object(CodeIgniter\HTTP\IncomingRequest), Object(CodeIgniter\HTTP\Response), Object(CodeIgniter\Log\Logger))
 4 SYSTEMPATH\CodeIgniter.php(493): CodeIgniter\CodeIgniter->createController()
 5 SYSTEMPATH\CodeIgniter.php(361): CodeIgniter\CodeIgniter->handleRequest(null, Object(Config\Cache), false)
 6 FCPATH\index.php(79): CodeIgniter\CodeIgniter->run()
WARNING - 2024-03-20 19:55:49 --> [DEPRECATED] Optional parameter $valor1 declared before required parameter $valor2 is implicitly treated as a required parameter in APPPATH\Helpers\usuarios_helper.php on line 2.
 1 SYSTEMPATH\Common.php(667): include_once('C:\\xampp\\htdocs\\codeigniter\\system\\Debug\\Exceptions.php')
 2 APPPATH\Controllers\BaseController.php(57): helper([...])
 3 SYSTEMPATH\CodeIgniter.php(915): App\Controllers\BaseController->initController(Object(CodeIgniter\HTTP\IncomingRequest), Object(CodeIgniter\HTTP\Response), Object(CodeIgniter\Log\Logger))
 4 SYSTEMPATH\CodeIgniter.php(493): CodeIgniter\CodeIgniter->createController()
 5 SYSTEMPATH\CodeIgniter.php(361): CodeIgniter\CodeIgniter->handleRequest(null, Object(Config\Cache), false)
 6 FCPATH\index.php(79): CodeIgniter\CodeIgniter->run()
INFO - 2024-03-20 19:55:49 --> Session: Class initialized using 'CodeIgniter\Session\Handlers\FileHandler' driver.
WARNING - 2024-03-20 19:55:49 --> [DEPRECATED] Creation of dynamic property App\Filters\Noauth::$ingreso is deprecated in APPPATH\Filters\Noauth.php on line 23.
 1 SYSTEMPATH\Filters\Filters.php(184): App\Filters\Noauth->before(Object(CodeIgniter\HTTP\IncomingRequest), null)
 2 SYSTEMPATH\CodeIgniter.php(474): CodeIgniter\Filters\Filters->run('', 'before')
 3 SYSTEMPATH\CodeIgniter.php(361): CodeIgniter\CodeIgniter->handleRequest(null, Object(Config\Cache), false)
 4 FCPATH\index.php(79): CodeIgniter\CodeIgniter->run()
INFO - 2024-03-20 19:55:49 --> Session: Class initialized using 'CodeIgniter\Session\Handlers\FileHandler' driver.
WARNING - 2024-03-20 19:55:49 --> [DEPRECATED] Optional parameter $valor1 declared before required parameter $valor2 is implicitly treated as a required parameter in APPPATH\Helpers\usuarios_helper.php on line 2.
 1 SYSTEMPATH\Common.php(667): include_once('C:\\xampp\\htdocs\\codeigniter\\system\\Debug\\Exceptions.php')
 2 APPPATH\Controllers\BaseController.php(57): helper([...])
 3 SYSTEMPATH\CodeIgniter.php(915): App\Controllers\BaseController->initController(Object(CodeIgniter\HTTP\IncomingRequest), Object(CodeIgniter\HTTP\Response), Object(CodeIgniter\Log\Logger))
 4 SYSTEMPATH\CodeIgniter.php(493): CodeIgniter\CodeIgniter->createController()
 5 SYSTEMPATH\CodeIgniter.php(361): CodeIgniter\CodeIgniter->handleRequest(null, Object(Config\Cache), false)
 6 FCPATH\index.php(79): CodeIgniter\CodeIgniter->run()
WARNING - 2024-03-20 19:55:58 --> [DEPRECATED] Optional parameter $valor1 declared before required parameter $valor2 is implicitly treated as a required parameter in APPPATH\Helpers\usuarios_helper.php on line 2.
 1 SYSTEMPATH\Common.php(667): include_once('C:\\xampp\\htdocs\\codeigniter\\system\\Debug\\Exceptions.php')
 2 APPPATH\Controllers\BaseController.php(57): helper([...])
 3 SYSTEMPATH\CodeIgniter.php(915): App\Controllers\BaseController->initController(Object(CodeIgniter\HTTP\IncomingRequest), Object(CodeIgniter\HTTP\Response), Object(CodeIgniter\Log\Logger))
 4 SYSTEMPATH\CodeIgniter.php(493): CodeIgniter\CodeIgniter->createController()
 5 SYSTEMPATH\CodeIgniter.php(361): CodeIgniter\CodeIgniter->handleRequest(null, Object(Config\Cache), false)
 6 FCPATH\index.php(79): CodeIgniter\CodeIgniter->run()
INFO - 2024-03-20 19:55:58 --> Session: Class initialized using 'CodeIgniter\Session\Handlers\FileHandler' driver.
INFO - 2024-03-20 19:55:59 --> Session: Class initialized using 'CodeIgniter\Session\Handlers\FileHandler' driver.
WARNING - 2024-03-20 19:55:59 --> [DEPRECATED] Optional parameter $valor1 declared before required parameter $valor2 is implicitly treated as a required parameter in APPPATH\Helpers\usuarios_helper.php on line 2.
 1 SYSTEMPATH\Common.php(667): include_once('C:\\xampp\\htdocs\\codeigniter\\system\\Debug\\Exceptions.php')
 2 APPPATH\Controllers\BaseController.php(57): helper([...])
 3 SYSTEMPATH\CodeIgniter.php(915): App\Controllers\BaseController->initController(Object(CodeIgniter\HTTP\IncomingRequest), Object(CodeIgniter\HTTP\Response), Object(CodeIgniter\Log\Logger))
 4 SYSTEMPATH\CodeIgniter.php(493): CodeIgniter\CodeIgniter->createController()
 5 SYSTEMPATH\CodeIgniter.php(361): CodeIgniter\CodeIgniter->handleRequest(null, Object(Config\Cache), false)
 6 FCPATH\index.php(79): CodeIgniter\CodeIgniter->run()
INFO - 2024-03-20 20:33:53 --> Session: Class initialized using 'CodeIgniter\Session\Handlers\FileHandler' driver.
WARNING - 2024-03-20 20:33:53 --> [DEPRECATED] Optional parameter $valor1 declared before required parameter $valor2 is implicitly treated as a required parameter in APPPATH\Helpers\usuarios_helper.php on line 2.
 1 SYSTEMPATH\Common.php(667): include_once('C:\\xampp\\htdocs\\codeigniter\\system\\Debug\\Exceptions.php')
 2 APPPATH\Controllers\BaseController.php(57): helper([...])
 3 SYSTEMPATH\CodeIgniter.php(915): App\Controllers\BaseController->initController(Object(CodeIgniter\HTTP\IncomingRequest), Object(CodeIgniter\HTTP\Response), Object(CodeIgniter\Log\Logger))
 4 SYSTEMPATH\CodeIgniter.php(493): CodeIgniter\CodeIgniter->createController()
 5 SYSTEMPATH\CodeIgniter.php(361): CodeIgniter\CodeIgniter->handleRequest(null, Object(Config\Cache), false)
 6 FCPATH\index.php(79): CodeIgniter\CodeIgniter->run()
INFO - 2024-03-20 20:33:55 --> Session: Class initialized using 'CodeIgniter\Session\Handlers\FileHandler' driver.
WARNING - 2024-03-20 20:33:55 --> [DEPRECATED] Optional parameter $valor1 declared before required parameter $valor2 is implicitly treated as a required parameter in APPPATH\Helpers\usuarios_helper.php on line 2.
 1 SYSTEMPATH\Common.php(667): include_once('C:\\xampp\\htdocs\\codeigniter\\system\\Debug\\Exceptions.php')
 2 APPPATH\Controllers\BaseController.php(57): helper([...])
 3 SYSTEMPATH\CodeIgniter.php(915): App\Controllers\BaseController->initController(Object(CodeIgniter\HTTP\IncomingRequest), Object(CodeIgniter\HTTP\Response), Object(CodeIgniter\Log\Logger))
 4 SYSTEMPATH\CodeIgniter.php(493): CodeIgniter\CodeIgniter->createController()
 5 SYSTEMPATH\CodeIgniter.php(361): CodeIgniter\CodeIgniter->handleRequest(null, Object(Config\Cache), false)
 6 FCPATH\index.php(79): CodeIgniter\CodeIgniter->run()
INFO - 2024-03-20 20:34:15 --> Session: Class initialized using 'CodeIgniter\Session\Handlers\FileHandler' driver.
WARNING - 2024-03-20 20:34:15 --> [DEPRECATED] Optional parameter $valor1 declared before required parameter $valor2 is implicitly treated as a required parameter in APPPATH\Helpers\usuarios_helper.php on line 2.
 1 SYSTEMPATH\Common.php(667): include_once('C:\\xampp\\htdocs\\codeigniter\\system\\Debug\\Exceptions.php')
 2 APPPATH\Controllers\BaseController.php(57): helper([...])
 3 SYSTEMPATH\CodeIgniter.php(915): App\Controllers\BaseController->initController(Object(CodeIgniter\HTTP\IncomingRequest), Object(CodeIgniter\HTTP\Response), Object(CodeIgniter\Log\Logger))
 4 SYSTEMPATH\CodeIgniter.php(493): CodeIgniter\CodeIgniter->createController()
 5 SYSTEMPATH\CodeIgniter.php(361): CodeIgniter\CodeIgniter->handleRequest(null, Object(Config\Cache), false)
 6 FCPATH\index.php(79): CodeIgniter\CodeIgniter->run()
INFO - 2024-03-20 20:35:57 --> Session: Class initialized using 'CodeIgniter\Session\Handlers\FileHandler' driver.
WARNING - 2024-03-20 20:35:57 --> [DEPRECATED] Optional parameter $valor1 declared before required parameter $valor2 is implicitly treated as a required parameter in APPPATH\Helpers\usuarios_helper.php on line 2.
 1 SYSTEMPATH\Common.php(667): include_once('C:\\xampp\\htdocs\\codeigniter\\system\\Debug\\Exceptions.php')
 2 APPPATH\Controllers\BaseController.php(57): helper([...])
 3 SYSTEMPATH\CodeIgniter.php(915): App\Controllers\BaseController->initController(Object(CodeIgniter\HTTP\IncomingRequest), Object(CodeIgniter\HTTP\Response), Object(CodeIgniter\Log\Logger))
 4 SYSTEMPATH\CodeIgniter.php(493): CodeIgniter\CodeIgniter->createController()
 5 SYSTEMPATH\CodeIgniter.php(361): CodeIgniter\CodeIgniter->handleRequest(null, Object(Config\Cache), false)
 6 FCPATH\index.php(79): CodeIgniter\CodeIgniter->run()
INFO - 2024-03-20 20:36:56 --> Session: Class initialized using 'CodeIgniter\Session\Handlers\FileHandler' driver.
WARNING - 2024-03-20 20:36:56 --> [DEPRECATED] Optional parameter $valor1 declared before required parameter $valor2 is implicitly treated as a required parameter in APPPATH\Helpers\usuarios_helper.php on line 2.
 1 SYSTEMPATH\Common.php(667): include_once('C:\\xampp\\htdocs\\codeigniter\\system\\Debug\\Exceptions.php')
 2 APPPATH\Controllers\BaseController.php(57): helper([...])
 3 SYSTEMPATH\CodeIgniter.php(915): App\Controllers\BaseController->initController(Object(CodeIgniter\HTTP\IncomingRequest), Object(CodeIgniter\HTTP\Response), Object(CodeIgniter\Log\Logger))
 4 SYSTEMPATH\CodeIgniter.php(493): CodeIgniter\CodeIgniter->createController()
 5 SYSTEMPATH\CodeIgniter.php(361): CodeIgniter\CodeIgniter->handleRequest(null, Object(Config\Cache), false)
 6 FCPATH\index.php(79): CodeIgniter\CodeIgniter->run()
INFO - 2024-03-20 20:37:06 --> Session: Class initialized using 'CodeIgniter\Session\Handlers\FileHandler' driver.
WARNING - 2024-03-20 20:37:06 --> [DEPRECATED] Optional parameter $valor1 declared before required parameter $valor2 is implicitly treated as a required parameter in APPPATH\Helpers\usuarios_helper.php on line 2.
 1 SYSTEMPATH\Common.php(667): include_once('C:\\xampp\\htdocs\\codeigniter\\system\\Debug\\Exceptions.php')
 2 APPPATH\Controllers\BaseController.php(57): helper([...])
 3 SYSTEMPATH\CodeIgniter.php(915): App\Controllers\BaseController->initController(Object(CodeIgniter\HTTP\IncomingRequest), Object(CodeIgniter\HTTP\Response), Object(CodeIgniter\Log\Logger))
 4 SYSTEMPATH\CodeIgniter.php(493): CodeIgniter\CodeIgniter->createController()
 5 SYSTEMPATH\CodeIgniter.php(361): CodeIgniter\CodeIgniter->handleRequest(null, Object(Config\Cache), false)
 6 FCPATH\index.php(79): CodeIgniter\CodeIgniter->run()
INFO - 2024-03-20 20:59:42 --> Session: Class initialized using 'CodeIgniter\Session\Handlers\FileHandler' driver.
WARNING - 2024-03-20 20:59:42 --> [DEPRECATED] Creation of dynamic property App\Filters\Noauth::$ingreso is deprecated in APPPATH\Filters\Noauth.php on line 23.
 1 SYSTEMPATH\Filters\Filters.php(184): App\Filters\Noauth->before(Object(CodeIgniter\HTTP\IncomingRequest), null)
 2 SYSTEMPATH\CodeIgniter.php(474): CodeIgniter\Filters\Filters->run('', 'before')
 3 SYSTEMPATH\CodeIgniter.php(361): CodeIgniter\CodeIgniter->handleRequest(null, Object(Config\Cache), false)
 4 FCPATH\index.php(79): CodeIgniter\CodeIgniter->run()
INFO - 2024-03-20 20:59:42 --> Session: Class initialized using 'CodeIgniter\Session\Handlers\FileHandler' driver.
WARNING - 2024-03-20 20:59:42 --> [DEPRECATED] Optional parameter $valor1 declared before required parameter $valor2 is implicitly treated as a required parameter in APPPATH\Helpers\usuarios_helper.php on line 2.
 1 SYSTEMPATH\Common.php(667): include_once('C:\\xampp\\htdocs\\codeigniter\\system\\Debug\\Exceptions.php')
 2 APPPATH\Controllers\BaseController.php(57): helper([...])
 3 SYSTEMPATH\CodeIgniter.php(915): App\Controllers\BaseController->initController(Object(CodeIgniter\HTTP\IncomingRequest), Object(CodeIgniter\HTTP\Response), Object(CodeIgniter\Log\Logger))
 4 SYSTEMPATH\CodeIgniter.php(493): CodeIgniter\CodeIgniter->createController()
 5 SYSTEMPATH\CodeIgniter.php(361): CodeIgniter\CodeIgniter->handleRequest(null, Object(Config\Cache), false)
 6 FCPATH\index.php(79): CodeIgniter\CodeIgniter->run()
