INFO - 2024-01-22 17:00:03 --> Session: Class initialized using 'CodeIgniter\Session\Handlers\FileHandler' driver.
INFO - 2024-01-22 17:27:00 --> Session: Class initialized using 'CodeIgniter\Session\Handlers\FileHandler' driver.
CRITICAL - 2024-01-22 22:33:28 --> Class "App\Controllers\PFDF" not found
in APPPATH\Controllers\Registro.php on line 166.
 1 SYSTEMPATH\CodeIgniter.php(942): App\Controllers\Registro->gafete('12')
 2 SYSTEMPATH\CodeIgniter.php(502): CodeIgniter\CodeIgniter->runController(Object(App\Controllers\Registro))
 3 SYSTEMPATH\CodeIgniter.php(361): CodeIgniter\CodeIgniter->handleRequest(null, Object(Config\Cache), false)
 4 FCPATH\index.php(79): CodeIgniter\CodeIgniter->run()
CRITICAL - 2024-01-22 22:37:18 --> Undefined variable $pdf
in APPPATH\Controllers\Registro.php on line 167.
 1 APPPATH\Controllers\Registro.php(167): CodeIgniter\Debug\Exceptions->errorHandler(2, 'Undefined variable $pdf', 'C:\\xampp\\htdocs\\codeigniter\\app\\Controllers\\Registro.php', 167)
 2 SYSTEMPATH\CodeIgniter.php(942): App\Controllers\Registro->gafete('12')
 3 SYSTEMPATH\CodeIgniter.php(502): CodeIgniter\CodeIgniter->runController(Object(App\Controllers\Registro))
 4 SYSTEMPATH\CodeIgniter.php(361): CodeIgniter\CodeIgniter->handleRequest(null, Object(Config\Cache), false)
 5 FCPATH\index.php(79): CodeIgniter\CodeIgniter->run()
CRITICAL - 2024-01-22 22:37:59 --> Undefined variable $pdf
in APPPATH\Controllers\Registro.php on line 167.
 1 APPPATH\Controllers\Registro.php(167): CodeIgniter\Debug\Exceptions->errorHandler(2, 'Undefined variable $pdf', 'C:\\xampp\\htdocs\\codeigniter\\app\\Controllers\\Registro.php', 167)
 2 SYSTEMPATH\CodeIgniter.php(942): App\Controllers\Registro->gafete('12')
 3 SYSTEMPATH\CodeIgniter.php(502): CodeIgniter\CodeIgniter->runController(Object(App\Controllers\Registro))
 4 SYSTEMPATH\CodeIgniter.php(361): CodeIgniter\CodeIgniter->handleRequest(null, Object(Config\Cache), false)
 5 FCPATH\index.php(79): CodeIgniter\CodeIgniter->run()
